============================= test session starts ==============================
platform darwin -- Python 3.11.13, pytest-8.3.5, pluggy-1.6.0
PyQt6 6.9.0 -- Qt runtime 6.9.0 -- Qt compiled 6.9.0
rootdir: /Users/thibaultleray-beer/bitcoin_scalper
configfile: pyproject.toml
plugins: qt-4.4.0, anyio-4.9.0, hydra-core-1.3.2, cov-6.1.1
collected 195 items / 1 error

==================================== ERRORS ====================================
________________ ERROR collecting tests/core/mac/test_rl_env.py ________________
ImportError while importing test module '/Users/thibaultleray-beer/bitcoin_scalper/tests/core/mac/test_rl_env.py'.
Hint: make sure your test modules/packages have valid Python names.
Traceback:
/opt/homebrew/Cellar/python@3.11/3.11.13/Frameworks/Python.framework/Versions/3.11/lib/python3.11/importlib/__init__.py:126: in import_module
    return _bootstrap._gcd_import(name[level:], package, level)
tests/core/mac/test_rl_env.py:3: in <module>
    from bitcoin_scalper.core.rl_env import BitcoinScalperEnv
bitcoin_scalper/core/rl_env.py:1: in <module>
    import gym
E   ModuleNotFoundError: No module named 'gym'
=========================== short test summary info ============================
ERROR tests/core/mac/test_rl_env.py
!!!!!!!!!!!!!!!!!!!!!!!!!! stopping after 1 failures !!!!!!!!!!!!!!!!!!!!!!!!!!!
======================== 17 warnings, 1 error in 3.35s =========================
