2025-05-17 11:24:31,754 - __main__ - INFO - Démarrage de l'application...
2025-05-17 11:24:31,815 - __main__ - INFO - Configuration de la page Streamlit effectuée
2025-05-17 11:24:31,815 - __main__ - INFO - Variables d'environnement configurées
2025-05-17 11:24:31,815 - src.bitcoin_scalper.services.mt5_service - INFO - Configuration chargée avec succès
2025-05-17 11:24:32,833 - src.bitcoin_scalper.services.mt5_service - INFO - Tentative de connexion à MT5...
2025-05-17 11:24:39,484 - src.bitcoin_scalper.services.mt5_service - INFO - MT5 initialisé avec succès, version: (500, 4885, '28 Feb 2025')
2025-05-17 11:24:39,524 - src.bitcoin_scalper.services.mt5_service - INFO - Tentative de connexion au serveur Ava-Demo 1-MT5...
2025-05-17 11:24:39,568 - src.bitcoin_scalper.services.mt5_service - INFO - Connecté avec succès à Ava-Demo 1-MT5
2025-05-17 11:24:39,592 - src.bitcoin_scalper.services.mt5_service - INFO - Compte: 101490774, Nom: 17307552
2025-05-17 11:24:39,681 - src.bitcoin_scalper.services.mt5_service - INFO - Solde: 9797.20, Equity: 9797.20
2025-05-17 11:24:39,814 - __main__ - INFO - RefreshManager initialisé
2025-05-17 11:24:39,814 - __main__ - INFO - Initialisation complète de l'application
2025-05-17 11:24:41,111 - UnifiedConfig - INFO - Variables d'environnement chargées depuis .env
2025-05-17 11:24:41,155 - src.bitcoin_scalper.services.mt5_service - INFO - Données récupérées pour BTCUSD: 720 lignes
2025-05-17 11:24:41,171 - src.bitcoin_scalper.services.dashboard_service - INFO - Statistiques du compte mises à jour: {'balance': 9797.2, 'equity': 9797.2, 'profit': 0.0, 'max_drawdown': 0.0, 'win_rate': 0.0, 'open_trades': 0, 'total_trades': 0}
2025-05-17 11:24:41,173 - src.bitcoin_scalper.services.dashboard_service - WARNING - Aucun trade historique trouvé
2025-05-17 11:24:41,173 - src.bitcoin_scalper.services.dashboard_service - INFO - Logs mis à jour avec succès
2025-05-17 11:24:41,173 - src.bitcoin_scalper.services.dashboard_service - INFO - Données du dashboard mises à jour avec succès
2025-05-17 11:24:41,173 - __main__ - INFO - Données initiales chargées
2025-05-17 11:24:41,184 - src.bitcoin_scalper.services.mt5_service - INFO - Mode démo désactivé
2025-05-17 11:24:41,191 - UnifiedConfig - INFO - Configuration sauvegardée dans config\unified_config.json
2025-05-17 11:24:41,195 - src.bitcoin_scalper.services.mt5_service - INFO - Données récupérées pour BTCUSD: 720 lignes
2025-05-17 11:24:41,209 - src.bitcoin_scalper.services.dashboard_service - INFO - Statistiques du compte mises à jour: {'balance': 9797.2, 'equity': 9797.2, 'profit': 0.0, 'max_drawdown': 0.0, 'win_rate': 0.0, 'open_trades': 0, 'total_trades': 0}
2025-05-17 11:24:41,209 - src.bitcoin_scalper.services.dashboard_service - WARNING - Aucun trade historique trouvé
2025-05-17 11:24:41,211 - src.bitcoin_scalper.services.dashboard_service - INFO - Logs mis à jour avec succès
2025-05-17 11:24:41,213 - src.bitcoin_scalper.services.dashboard_service - INFO - Données du dashboard mises à jour avec succès
2025-05-17 11:24:42,401 - __main__ - INFO - Nettoyage des ressources...
2025-05-17 11:24:44,302 - __main__ - INFO - Démarrage de l'application...
2025-05-17 11:24:44,302 - __main__ - INFO - Configuration de la page Streamlit effectuée
2025-05-17 11:24:44,308 - __main__ - INFO - Variables d'environnement configurées
2025-05-17 12:18:53,402 - __main__ - INFO - Démarrage de l'application...
2025-05-17 12:18:53,461 - __main__ - INFO - Configuration de la page Streamlit effectuée
2025-05-17 12:18:53,462 - __main__ - INFO - Variables d'environnement configurées
2025-05-17 12:18:53,463 - bot.services.mt5_service - INFO - Configuration chargée avec succès
2025-05-17 12:18:54,475 - bot.services.mt5_service - INFO - Tentative de connexion à MT5...
2025-05-17 12:18:54,491 - bot.services.mt5_service - INFO - MT5 initialisé avec succès, version: (500, 4885, '28 Feb 2025')
2025-05-17 12:18:54,492 - bot.services.mt5_service - INFO - Tentative de connexion au serveur Ava-Demo 1-MT5...
2025-05-17 12:18:54,497 - bot.services.mt5_service - INFO - Connecté avec succès à Ava-Demo 1-MT5
2025-05-17 12:18:54,497 - bot.services.mt5_service - INFO - Compte: 101490774, Nom: 17307552
2025-05-17 12:18:54,498 - bot.services.mt5_service - INFO - Solde: 9797.20, Equity: 9797.20
2025-05-17 12:18:54,500 - __main__ - INFO - RefreshManager initialisé
2025-05-17 12:18:54,501 - __main__ - INFO - Initialisation complète de l'application
2025-05-17 12:18:54,681 - UnifiedConfig - INFO - Variables d'environnement chargées depuis .env
2025-05-17 12:18:54,706 - bot.services.mt5_service - INFO - Données récupérées pour BTCUSD: 720 lignes
2025-05-17 12:18:54,711 - bot.services.dashboard_service - INFO - Statistiques du compte mises à jour: {'balance': 9797.2, 'equity': 9797.2, 'profit': 0.0, 'max_drawdown': 0.0, 'win_rate': 0.0, 'open_trades': 0, 'total_trades': 0}
2025-05-17 12:18:54,711 - bot.services.dashboard_service - WARNING - Aucun trade historique trouvé
2025-05-17 12:18:54,712 - bot.services.dashboard_service - INFO - Logs mis à jour avec succès
2025-05-17 12:18:54,712 - bot.services.dashboard_service - INFO - Données du dashboard mises à jour avec succès
2025-05-17 12:18:54,712 - __main__ - INFO - Données initiales chargées
2025-05-17 12:18:55,657 - __main__ - INFO - Nettoyage des ressources...
2025-05-17 12:19:02,362 - __main__ - INFO - Démarrage de l'application...
2025-05-17 12:19:02,376 - __main__ - INFO - Configuration de la page Streamlit effectuée
2025-05-17 12:19:02,423 - __main__ - INFO - Variables d'environnement configurées
2025-05-17 12:24:28,347 - __main__ - INFO - Démarrage de l'application...
2025-05-17 12:24:28,416 - __main__ - INFO - Configuration de la page Streamlit effectuée
2025-05-17 12:24:28,417 - __main__ - INFO - Variables d'environnement configurées
2025-05-17 12:24:28,417 - bot.services.mt5_service - INFO - Configuration chargée avec succès
2025-05-17 12:24:29,431 - bot.services.mt5_service - INFO - Tentative de connexion à MT5...
2025-05-17 12:24:29,439 - bot.services.mt5_service - INFO - MT5 initialisé avec succès, version: (500, 4885, '28 Feb 2025')
2025-05-17 12:24:29,440 - bot.services.mt5_service - INFO - Tentative de connexion au serveur Ava-Demo 1-MT5...
2025-05-17 12:24:29,442 - bot.services.mt5_service - INFO - Connecté avec succès à Ava-Demo 1-MT5
2025-05-17 12:24:29,442 - bot.services.mt5_service - INFO - Compte: 101490774, Nom: 17307552
2025-05-17 12:24:29,443 - bot.services.mt5_service - INFO - Solde: 9797.20, Equity: 9797.20
2025-05-17 12:24:29,444 - __main__ - INFO - RefreshManager initialisé
2025-05-17 12:24:29,445 - __main__ - INFO - Initialisation complète de l'application
2025-05-17 12:24:29,639 - UnifiedConfig - INFO - Variables d'environnement chargées depuis .env
2025-05-17 12:24:29,645 - bot.services.mt5_service - INFO - Données récupérées pour BTCUSD: 720 lignes
2025-05-17 12:24:29,650 - bot.services.dashboard_service - INFO - Statistiques du compte mises à jour: {'balance': 9797.2, 'equity': 9797.2, 'profit': 0.0, 'max_drawdown': 0.0, 'win_rate': 0.0, 'open_trades': 0, 'total_trades': 0}
2025-05-17 12:24:29,651 - bot.services.dashboard_service - WARNING - Aucun trade historique trouvé
2025-05-17 12:24:29,651 - bot.services.dashboard_service - INFO - Logs mis à jour avec succès
2025-05-17 12:24:29,651 - bot.services.dashboard_service - INFO - Données du dashboard mises à jour avec succès
2025-05-17 12:24:29,651 - __main__ - INFO - Données initiales chargées
2025-05-17 12:24:29,740 - __main__ - INFO - Nettoyage des ressources...
2025-05-17 12:24:33,329 - __main__ - INFO - Démarrage de l'application...
2025-05-17 12:24:33,333 - __main__ - INFO - Configuration de la page Streamlit effectuée
2025-05-17 12:24:33,334 - __main__ - INFO - Variables d'environnement configurées
2025-05-17 12:24:36,096 - __main__ - INFO - Démarrage de l'application...
2025-05-17 12:24:36,101 - __main__ - INFO - Configuration de la page Streamlit effectuée
2025-05-17 12:24:36,103 - __main__ - INFO - Variables d'environnement configurées
2025-05-17 12:38:46,288 - watchfiles.main - DEBUG - 1 change detected: {(<Change.modified: 2>, 'C:\\Users\\thibl\\Downloads\\bitcoin_scalper-main\\app\\services')}
2025-05-17 12:38:48,786 - asyncio - DEBUG - Using selector: SelectSelector
2025-05-17 12:38:48,896 - watchfiles.main - DEBUG - 1 change detected: {(<Change.modified: 2>, 'C:\\Users\\thibl\\Downloads\\bitcoin_scalper-main\\logs\\trading_bot.log')}
2025-05-17 12:38:49,369 - watchfiles.main - DEBUG - 1 change detected: {(<Change.modified: 2>, 'C:\\Users\\thibl\\Downloads\\bitcoin_scalper-main\\logs\\trading_bot.log')}
2025-05-17 12:38:49,914 - watchfiles.main - DEBUG - 1 change detected: {(<Change.modified: 2>, 'C:\\Users\\thibl\\Downloads\\bitcoin_scalper-main\\logs\\trading_bot.log')}
2025-05-17 12:38:50,645 - watchfiles.main - DEBUG - 1 change detected: {(<Change.modified: 2>, 'C:\\Users\\thibl\\Downloads\\bitcoin_scalper-main\\logs\\trading_bot.log')}
2025-05-17 12:38:51,412 - watchfiles.main - DEBUG - 1 change detected: {(<Change.modified: 2>, 'C:\\Users\\thibl\\Downloads\\bitcoin_scalper-main\\logs\\trading_bot.log')}
2025-05-17 12:38:52,414 - watchfiles.main - DEBUG - 1 change detected: {(<Change.modified: 2>, 'C:\\Users\\thibl\\Downloads\\bitcoin_scalper-main\\logs\\trading_bot.log')}
2025-05-17 12:38:52,826 - watchfiles.main - DEBUG - 1 change detected: {(<Change.modified: 2>, 'C:\\Users\\thibl\\Downloads\\bitcoin_scalper-main\\logs\\trading_bot.log')}
2025-05-17 12:38:53,309 - watchfiles.main - DEBUG - 1 change detected: {(<Change.modified: 2>, 'C:\\Users\\thibl\\Downloads\\bitcoin_scalper-main\\logs\\trading_bot.log')}
2025-05-17 12:38:53,744 - watchfiles.main - DEBUG - 1 change detected: {(<Change.modified: 2>, 'C:\\Users\\thibl\\Downloads\\bitcoin_scalper-main\\logs\\trading_bot.log')}
2025-05-17 12:38:54,101 - watchfiles.main - DEBUG - 1 change detected: {(<Change.modified: 2>, 'C:\\Users\\thibl\\Downloads\\bitcoin_scalper-main\\logs\\trading_bot.log')}
2025-05-17 12:38:54,521 - watchfiles.main - DEBUG - 1 change detected: {(<Change.modified: 2>, 'C:\\Users\\thibl\\Downloads\\bitcoin_scalper-main\\logs\\trading_bot.log')}
2025-05-17 12:38:54,943 - watchfiles.main - DEBUG - 1 change detected: {(<Change.modified: 2>, 'C:\\Users\\thibl\\Downloads\\bitcoin_scalper-main\\logs\\trading_bot.log')}
2025-05-17 12:38:55,370 - watchfiles.main - DEBUG - 1 change detected: {(<Change.modified: 2>, 'C:\\Users\\thibl\\Downloads\\bitcoin_scalper-main\\logs\\trading_bot.log')}
2025-05-17 12:38:55,740 - watchfiles.main - DEBUG - 1 change detected: {(<Change.modified: 2>, 'C:\\Users\\thibl\\Downloads\\bitcoin_scalper-main\\logs\\trading_bot.log')}
2025-05-17 12:38:56,179 - watchfiles.main - DEBUG - 1 change detected: {(<Change.modified: 2>, 'C:\\Users\\thibl\\Downloads\\bitcoin_scalper-main\\logs\\trading_bot.log')}
2025-05-17 12:38:56,591 - watchfiles.main - DEBUG - 1 change detected: {(<Change.modified: 2>, 'C:\\Users\\thibl\\Downloads\\bitcoin_scalper-main\\logs\\trading_bot.log')}
2025-05-17 12:38:56,969 - watchfiles.main - DEBUG - 1 change detected: {(<Change.modified: 2>, 'C:\\Users\\thibl\\Downloads\\bitcoin_scalper-main\\logs\\trading_bot.log')}
2025-05-17 12:38:57,377 - watchfiles.main - DEBUG - 1 change detected: {(<Change.modified: 2>, 'C:\\Users\\thibl\\Downloads\\bitcoin_scalper-main\\logs\\trading_bot.log')}
2025-05-17 12:38:57,794 - watchfiles.main - DEBUG - 1 change detected: {(<Change.modified: 2>, 'C:\\Users\\thibl\\Downloads\\bitcoin_scalper-main\\logs\\trading_bot.log')}
2025-05-17 12:38:58,218 - watchfiles.main - DEBUG - 1 change detected: {(<Change.modified: 2>, 'C:\\Users\\thibl\\Downloads\\bitcoin_scalper-main\\logs\\trading_bot.log')}
2025-05-17 12:38:58,623 - watchfiles.main - DEBUG - 1 change detected: {(<Change.modified: 2>, 'C:\\Users\\thibl\\Downloads\\bitcoin_scalper-main\\logs\\trading_bot.log')}
2025-05-17 12:38:59,131 - watchfiles.main - DEBUG - 1 change detected: {(<Change.modified: 2>, 'C:\\Users\\thibl\\Downloads\\bitcoin_scalper-main\\logs\\trading_bot.log')}
2025-05-17 12:39:00,960 - watchfiles.main - DEBUG - 1 change detected: {(<Change.modified: 2>, 'C:\\Users\\thibl\\Downloads\\bitcoin_scalper-main\\logs\\trading_bot.log')}
2025-05-17 12:39:01,339 - watchfiles.main - DEBUG - 1 change detected: {(<Change.modified: 2>, 'C:\\Users\\thibl\\Downloads\\bitcoin_scalper-main\\logs\\trading_bot.log')}
2025-05-17 12:39:01,835 - watchfiles.main - DEBUG - 1 change detected: {(<Change.modified: 2>, 'C:\\Users\\thibl\\Downloads\\bitcoin_scalper-main\\logs\\trading_bot.log')}
2025-05-17 12:39:02,250 - watchfiles.main - DEBUG - 1 change detected: {(<Change.modified: 2>, 'C:\\Users\\thibl\\Downloads\\bitcoin_scalper-main\\logs\\trading_bot.log')}
2025-05-17 12:39:02,660 - watchfiles.main - DEBUG - 1 change detected: {(<Change.modified: 2>, 'C:\\Users\\thibl\\Downloads\\bitcoin_scalper-main\\logs\\trading_bot.log')}
2025-05-17 12:39:03,072 - watchfiles.main - DEBUG - 1 change detected: {(<Change.modified: 2>, 'C:\\Users\\thibl\\Downloads\\bitcoin_scalper-main\\logs\\trading_bot.log')}
2025-05-17 12:39:03,483 - watchfiles.main - DEBUG - 1 change detected: {(<Change.modified: 2>, 'C:\\Users\\thibl\\Downloads\\bitcoin_scalper-main\\logs\\trading_bot.log')}
2025-05-17 12:39:03,850 - watchfiles.main - DEBUG - 1 change detected: {(<Change.modified: 2>, 'C:\\Users\\thibl\\Downloads\\bitcoin_scalper-main\\logs\\trading_bot.log')}
2025-05-17 12:39:04,275 - watchfiles.main - DEBUG - 1 change detected: {(<Change.modified: 2>, 'C:\\Users\\thibl\\Downloads\\bitcoin_scalper-main\\logs\\trading_bot.log')}
2025-05-17 12:39:04,684 - watchfiles.main - DEBUG - 1 change detected: {(<Change.modified: 2>, 'C:\\Users\\thibl\\Downloads\\bitcoin_scalper-main\\logs\\trading_bot.log')}
2025-05-17 12:39:05,063 - watchfiles.main - DEBUG - 1 change detected: {(<Change.modified: 2>, 'C:\\Users\\thibl\\Downloads\\bitcoin_scalper-main\\logs\\trading_bot.log')}
2025-05-17 12:39:05,492 - watchfiles.main - DEBUG - 1 change detected: {(<Change.modified: 2>, 'C:\\Users\\thibl\\Downloads\\bitcoin_scalper-main\\logs\\trading_bot.log')}
2025-05-17 12:39:05,898 - watchfiles.main - DEBUG - 1 change detected: {(<Change.modified: 2>, 'C:\\Users\\thibl\\Downloads\\bitcoin_scalper-main\\logs\\trading_bot.log')}
2025-05-17 12:39:06,370 - watchfiles.main - DEBUG - 1 change detected: {(<Change.modified: 2>, 'C:\\Users\\thibl\\Downloads\\bitcoin_scalper-main\\logs\\trading_bot.log')}
2025-05-17 12:39:06,775 - watchfiles.main - DEBUG - 1 change detected: {(<Change.modified: 2>, 'C:\\Users\\thibl\\Downloads\\bitcoin_scalper-main\\logs\\trading_bot.log')}
2025-05-17 12:39:07,191 - watchfiles.main - DEBUG - 1 change detected: {(<Change.modified: 2>, 'C:\\Users\\thibl\\Downloads\\bitcoin_scalper-main\\logs\\trading_bot.log')}
2025-05-17 12:40:19,868 - asyncio - DEBUG - Using selector: SelectSelector
2025-05-17 12:40:20,256 - nicegui - ERROR - module 'nicegui.ui' has no attribute 'plotly_chart'
  + Exception Group Traceback (most recent call last):
  |   File "C:\Users\thibl\AppData\Local\Programs\Python\Python39\lib\site-packages\starlette\_utils.py", line 76, in collapse_excgroups
  |     yield
  |   File "C:\Users\thibl\AppData\Local\Programs\Python\Python39\lib\site-packages\starlette\middleware\base.py", line 181, in __call__
  |     recv_stream.close()
  |   File "C:\Users\thibl\AppData\Local\Programs\Python\Python39\lib\site-packages\anyio\_backends\_asyncio.py", line 772, in __aexit__
  |     raise BaseExceptionGroup(
  | exceptiongroup.ExceptionGroup: unhandled errors in a TaskGroup (1 sub-exception)
  +-+---------------- 1 ----------------
    | Traceback (most recent call last):
    |   File "C:\Users\thibl\AppData\Local\Programs\Python\Python39\lib\site-packages\starlette\middleware\errors.py", line 165, in __call__
    |     await self.app(scope, receive, _send)
    |   File "C:\Users\thibl\AppData\Local\Programs\Python\Python39\lib\site-packages\starlette\middleware\base.py", line 181, in __call__
    |     recv_stream.close()
    |   File "C:\Users\thibl\AppData\Local\Programs\Python\Python39\lib\contextlib.py", line 135, in __exit__
    |     self.gen.throw(type, value, traceback)
    |   File "C:\Users\thibl\AppData\Local\Programs\Python\Python39\lib\site-packages\starlette\_utils.py", line 82, in collapse_excgroups
    |     raise exc
    |   File "C:\Users\thibl\AppData\Local\Programs\Python\Python39\lib\site-packages\starlette\middleware\base.py", line 178, in __call__
    |     response = await self.dispatch_func(request, call_next)
    |   File "C:\Users\thibl\AppData\Local\Programs\Python\Python39\lib\site-packages\nicegui\middlewares.py", line 10, in dispatch
    |     response = await call_next(request)
    |   File "C:\Users\thibl\AppData\Local\Programs\Python\Python39\lib\site-packages\starlette\middleware\base.py", line 156, in call_next
    |     raise app_exc
    |   File "C:\Users\thibl\AppData\Local\Programs\Python\Python39\lib\site-packages\starlette\middleware\base.py", line 141, in coro
    |     await self.app(scope, receive_or_disconnect, send_no_error)
    |   File "C:\Users\thibl\AppData\Local\Programs\Python\Python39\lib\site-packages\starlette\middleware\gzip.py", line 29, in __call__
    |     await responder(scope, receive, send)
    |   File "C:\Users\thibl\AppData\Local\Programs\Python\Python39\lib\site-packages\starlette\middleware\gzip.py", line 126, in __call__
    |     await super().__call__(scope, receive, send)
    |   File "C:\Users\thibl\AppData\Local\Programs\Python\Python39\lib\site-packages\starlette\middleware\gzip.py", line 46, in __call__
    |     await self.app(scope, receive, self.send_with_compression)
    |   File "C:\Users\thibl\AppData\Local\Programs\Python\Python39\lib\site-packages\starlette\middleware\exceptions.py", line 62, in __call__
    |     await wrap_app_handling_exceptions(self.app, conn)(scope, receive, send)
    |   File "C:\Users\thibl\AppData\Local\Programs\Python\Python39\lib\site-packages\starlette\_exception_handler.py", line 53, in wrapped_app
    |     raise exc
    |   File "C:\Users\thibl\AppData\Local\Programs\Python\Python39\lib\site-packages\starlette\_exception_handler.py", line 42, in wrapped_app
    |     await app(scope, receive, sender)
    |   File "C:\Users\thibl\AppData\Local\Programs\Python\Python39\lib\site-packages\starlette\routing.py", line 714, in __call__
    |     await self.middleware_stack(scope, receive, send)
    |   File "C:\Users\thibl\AppData\Local\Programs\Python\Python39\lib\site-packages\starlette\routing.py", line 734, in app
    |     await route.handle(scope, receive, send)
    |   File "C:\Users\thibl\AppData\Local\Programs\Python\Python39\lib\site-packages\starlette\routing.py", line 288, in handle
    |     await self.app(scope, receive, send)
    |   File "C:\Users\thibl\AppData\Local\Programs\Python\Python39\lib\site-packages\starlette\routing.py", line 76, in app
    |     await wrap_app_handling_exceptions(app, request)(scope, receive, send)
    |   File "C:\Users\thibl\AppData\Local\Programs\Python\Python39\lib\site-packages\starlette\_exception_handler.py", line 53, in wrapped_app
    |     raise exc
    |   File "C:\Users\thibl\AppData\Local\Programs\Python\Python39\lib\site-packages\starlette\_exception_handler.py", line 42, in wrapped_app
    |     await app(scope, receive, sender)
    |   File "C:\Users\thibl\AppData\Local\Programs\Python\Python39\lib\site-packages\starlette\routing.py", line 73, in app
    |     response = await f(request)
    |   File "C:\Users\thibl\AppData\Local\Programs\Python\Python39\lib\site-packages\fastapi\routing.py", line 301, in app
    |     raw_response = await run_endpoint_function(
    |   File "C:\Users\thibl\AppData\Local\Programs\Python\Python39\lib\site-packages\fastapi\routing.py", line 212, in run_endpoint_function
    |     return await dependant.call(**values)
    |   File "C:\Users\thibl\AppData\Local\Programs\Python\Python39\lib\site-packages\nicegui\page.py", line 120, in decorated
    |     result = func(*dec_args, **dec_kwargs)
    |   File "C:\Users\thibl\Downloads\bitcoin_scalper-main\app\main.py", line 84, in main
    |     price_chart = PriceChart()
    |   File "C:\Users\thibl\Downloads\bitcoin_scalper-main\app\ui\components.py", line 12, in __init__
    |     self.chart = ui.plotly_chart().classes('w-full h-96')
    | AttributeError: module 'nicegui.ui' has no attribute 'plotly_chart'
    +------------------------------------

During handling of the above exception, another exception occurred:

Traceback (most recent call last):
  File "C:\Users\thibl\AppData\Local\Programs\Python\Python39\lib\site-packages\starlette\middleware\errors.py", line 165, in __call__
    await self.app(scope, receive, _send)
  File "C:\Users\thibl\AppData\Local\Programs\Python\Python39\lib\site-packages\starlette\middleware\base.py", line 181, in __call__
    recv_stream.close()
  File "C:\Users\thibl\AppData\Local\Programs\Python\Python39\lib\contextlib.py", line 135, in __exit__
    self.gen.throw(type, value, traceback)
  File "C:\Users\thibl\AppData\Local\Programs\Python\Python39\lib\site-packages\starlette\_utils.py", line 82, in collapse_excgroups
    raise exc
  File "C:\Users\thibl\AppData\Local\Programs\Python\Python39\lib\site-packages\starlette\middleware\base.py", line 178, in __call__
    response = await self.dispatch_func(request, call_next)
  File "C:\Users\thibl\AppData\Local\Programs\Python\Python39\lib\site-packages\nicegui\middlewares.py", line 10, in dispatch
    response = await call_next(request)
  File "C:\Users\thibl\AppData\Local\Programs\Python\Python39\lib\site-packages\starlette\middleware\base.py", line 156, in call_next
    raise app_exc
  File "C:\Users\thibl\AppData\Local\Programs\Python\Python39\lib\site-packages\starlette\middleware\base.py", line 141, in coro
    await self.app(scope, receive_or_disconnect, send_no_error)
  File "C:\Users\thibl\AppData\Local\Programs\Python\Python39\lib\site-packages\starlette\middleware\gzip.py", line 29, in __call__
    await responder(scope, receive, send)
  File "C:\Users\thibl\AppData\Local\Programs\Python\Python39\lib\site-packages\starlette\middleware\gzip.py", line 126, in __call__
    await super().__call__(scope, receive, send)
  File "C:\Users\thibl\AppData\Local\Programs\Python\Python39\lib\site-packages\starlette\middleware\gzip.py", line 46, in __call__
    await self.app(scope, receive, self.send_with_compression)
  File "C:\Users\thibl\AppData\Local\Programs\Python\Python39\lib\site-packages\starlette\middleware\exceptions.py", line 62, in __call__
    await wrap_app_handling_exceptions(self.app, conn)(scope, receive, send)
  File "C:\Users\thibl\AppData\Local\Programs\Python\Python39\lib\site-packages\starlette\_exception_handler.py", line 53, in wrapped_app
    raise exc
  File "C:\Users\thibl\AppData\Local\Programs\Python\Python39\lib\site-packages\starlette\_exception_handler.py", line 42, in wrapped_app
    await app(scope, receive, sender)
  File "C:\Users\thibl\AppData\Local\Programs\Python\Python39\lib\site-packages\starlette\routing.py", line 714, in __call__
    await self.middleware_stack(scope, receive, send)
  File "C:\Users\thibl\AppData\Local\Programs\Python\Python39\lib\site-packages\starlette\routing.py", line 734, in app
    await route.handle(scope, receive, send)
  File "C:\Users\thibl\AppData\Local\Programs\Python\Python39\lib\site-packages\starlette\routing.py", line 288, in handle
    await self.app(scope, receive, send)
  File "C:\Users\thibl\AppData\Local\Programs\Python\Python39\lib\site-packages\starlette\routing.py", line 76, in app
    await wrap_app_handling_exceptions(app, request)(scope, receive, send)
  File "C:\Users\thibl\AppData\Local\Programs\Python\Python39\lib\site-packages\starlette\_exception_handler.py", line 53, in wrapped_app
    raise exc
  File "C:\Users\thibl\AppData\Local\Programs\Python\Python39\lib\site-packages\starlette\_exception_handler.py", line 42, in wrapped_app
    await app(scope, receive, sender)
  File "C:\Users\thibl\AppData\Local\Programs\Python\Python39\lib\site-packages\starlette\routing.py", line 73, in app
    response = await f(request)
  File "C:\Users\thibl\AppData\Local\Programs\Python\Python39\lib\site-packages\fastapi\routing.py", line 301, in app
    raw_response = await run_endpoint_function(
  File "C:\Users\thibl\AppData\Local\Programs\Python\Python39\lib\site-packages\fastapi\routing.py", line 212, in run_endpoint_function
    return await dependant.call(**values)
  File "C:\Users\thibl\AppData\Local\Programs\Python\Python39\lib\site-packages\nicegui\page.py", line 120, in decorated
    result = func(*dec_args, **dec_kwargs)
  File "C:\Users\thibl\Downloads\bitcoin_scalper-main\app\main.py", line 84, in main
    price_chart = PriceChart()
  File "C:\Users\thibl\Downloads\bitcoin_scalper-main\app\ui\components.py", line 12, in __init__
    self.chart = ui.plotly_chart().classes('w-full h-96')
AttributeError: module 'nicegui.ui' has no attribute 'plotly_chart'
2025-05-17 12:40:20,603 - nicegui - ERROR - module 'nicegui.ui' has no attribute 'plotly_chart'
  + Exception Group Traceback (most recent call last):
  |   File "C:\Users\thibl\AppData\Local\Programs\Python\Python39\lib\site-packages\starlette\_utils.py", line 76, in collapse_excgroups
  |     yield
  |   File "C:\Users\thibl\AppData\Local\Programs\Python\Python39\lib\site-packages\starlette\middleware\base.py", line 181, in __call__
  |     recv_stream.close()
  |   File "C:\Users\thibl\AppData\Local\Programs\Python\Python39\lib\site-packages\anyio\_backends\_asyncio.py", line 772, in __aexit__
  |     raise BaseExceptionGroup(
  | exceptiongroup.ExceptionGroup: unhandled errors in a TaskGroup (1 sub-exception)
  +-+---------------- 1 ----------------
    | Traceback (most recent call last):
    |   File "C:\Users\thibl\AppData\Local\Programs\Python\Python39\lib\site-packages\starlette\middleware\errors.py", line 165, in __call__
    |     await self.app(scope, receive, _send)
    |   File "C:\Users\thibl\AppData\Local\Programs\Python\Python39\lib\site-packages\starlette\middleware\base.py", line 181, in __call__
    |     recv_stream.close()
    |   File "C:\Users\thibl\AppData\Local\Programs\Python\Python39\lib\contextlib.py", line 135, in __exit__
    |     self.gen.throw(type, value, traceback)
    |   File "C:\Users\thibl\AppData\Local\Programs\Python\Python39\lib\site-packages\starlette\_utils.py", line 82, in collapse_excgroups
    |     raise exc
    |   File "C:\Users\thibl\AppData\Local\Programs\Python\Python39\lib\site-packages\starlette\middleware\base.py", line 178, in __call__
    |     response = await self.dispatch_func(request, call_next)
    |   File "C:\Users\thibl\AppData\Local\Programs\Python\Python39\lib\site-packages\nicegui\middlewares.py", line 10, in dispatch
    |     response = await call_next(request)
    |   File "C:\Users\thibl\AppData\Local\Programs\Python\Python39\lib\site-packages\starlette\middleware\base.py", line 156, in call_next
    |     raise app_exc
    |   File "C:\Users\thibl\AppData\Local\Programs\Python\Python39\lib\site-packages\starlette\middleware\base.py", line 141, in coro
    |     await self.app(scope, receive_or_disconnect, send_no_error)
    |   File "C:\Users\thibl\AppData\Local\Programs\Python\Python39\lib\site-packages\starlette\middleware\gzip.py", line 29, in __call__
    |     await responder(scope, receive, send)
    |   File "C:\Users\thibl\AppData\Local\Programs\Python\Python39\lib\site-packages\starlette\middleware\gzip.py", line 126, in __call__
    |     await super().__call__(scope, receive, send)
    |   File "C:\Users\thibl\AppData\Local\Programs\Python\Python39\lib\site-packages\starlette\middleware\gzip.py", line 46, in __call__
    |     await self.app(scope, receive, self.send_with_compression)
    |   File "C:\Users\thibl\AppData\Local\Programs\Python\Python39\lib\site-packages\starlette\middleware\exceptions.py", line 62, in __call__
    |     await wrap_app_handling_exceptions(self.app, conn)(scope, receive, send)
    |   File "C:\Users\thibl\AppData\Local\Programs\Python\Python39\lib\site-packages\starlette\_exception_handler.py", line 53, in wrapped_app
    |     raise exc
    |   File "C:\Users\thibl\AppData\Local\Programs\Python\Python39\lib\site-packages\starlette\_exception_handler.py", line 42, in wrapped_app
    |     await app(scope, receive, sender)
    |   File "C:\Users\thibl\AppData\Local\Programs\Python\Python39\lib\site-packages\starlette\routing.py", line 714, in __call__
    |     await self.middleware_stack(scope, receive, send)
    |   File "C:\Users\thibl\AppData\Local\Programs\Python\Python39\lib\site-packages\starlette\routing.py", line 734, in app
    |     await route.handle(scope, receive, send)
    |   File "C:\Users\thibl\AppData\Local\Programs\Python\Python39\lib\site-packages\starlette\routing.py", line 288, in handle
    |     await self.app(scope, receive, send)
    |   File "C:\Users\thibl\AppData\Local\Programs\Python\Python39\lib\site-packages\starlette\routing.py", line 76, in app
    |     await wrap_app_handling_exceptions(app, request)(scope, receive, send)
    |   File "C:\Users\thibl\AppData\Local\Programs\Python\Python39\lib\site-packages\starlette\_exception_handler.py", line 53, in wrapped_app
    |     raise exc
    |   File "C:\Users\thibl\AppData\Local\Programs\Python\Python39\lib\site-packages\starlette\_exception_handler.py", line 42, in wrapped_app
    |     await app(scope, receive, sender)
    |   File "C:\Users\thibl\AppData\Local\Programs\Python\Python39\lib\site-packages\starlette\routing.py", line 73, in app
    |     response = await f(request)
    |   File "C:\Users\thibl\AppData\Local\Programs\Python\Python39\lib\site-packages\fastapi\routing.py", line 301, in app
    |     raw_response = await run_endpoint_function(
    |   File "C:\Users\thibl\AppData\Local\Programs\Python\Python39\lib\site-packages\fastapi\routing.py", line 212, in run_endpoint_function
    |     return await dependant.call(**values)
    |   File "C:\Users\thibl\AppData\Local\Programs\Python\Python39\lib\site-packages\nicegui\page.py", line 120, in decorated
    |     result = func(*dec_args, **dec_kwargs)
    |   File "C:\Users\thibl\Downloads\bitcoin_scalper-main\app\main.py", line 84, in main
    |     price_chart = PriceChart()
    |   File "C:\Users\thibl\Downloads\bitcoin_scalper-main\app\ui\components.py", line 12, in __init__
    |     self.chart = ui.plotly_chart().classes('w-full h-96')
    | AttributeError: module 'nicegui.ui' has no attribute 'plotly_chart'
    +------------------------------------

During handling of the above exception, another exception occurred:

Traceback (most recent call last):
  File "C:\Users\thibl\AppData\Local\Programs\Python\Python39\lib\site-packages\starlette\middleware\errors.py", line 165, in __call__
    await self.app(scope, receive, _send)
  File "C:\Users\thibl\AppData\Local\Programs\Python\Python39\lib\site-packages\starlette\middleware\base.py", line 181, in __call__
    recv_stream.close()
  File "C:\Users\thibl\AppData\Local\Programs\Python\Python39\lib\contextlib.py", line 135, in __exit__
    self.gen.throw(type, value, traceback)
  File "C:\Users\thibl\AppData\Local\Programs\Python\Python39\lib\site-packages\starlette\_utils.py", line 82, in collapse_excgroups
    raise exc
  File "C:\Users\thibl\AppData\Local\Programs\Python\Python39\lib\site-packages\starlette\middleware\base.py", line 178, in __call__
    response = await self.dispatch_func(request, call_next)
  File "C:\Users\thibl\AppData\Local\Programs\Python\Python39\lib\site-packages\nicegui\middlewares.py", line 10, in dispatch
    response = await call_next(request)
  File "C:\Users\thibl\AppData\Local\Programs\Python\Python39\lib\site-packages\starlette\middleware\base.py", line 156, in call_next
    raise app_exc
  File "C:\Users\thibl\AppData\Local\Programs\Python\Python39\lib\site-packages\starlette\middleware\base.py", line 141, in coro
    await self.app(scope, receive_or_disconnect, send_no_error)
  File "C:\Users\thibl\AppData\Local\Programs\Python\Python39\lib\site-packages\starlette\middleware\gzip.py", line 29, in __call__
    await responder(scope, receive, send)
  File "C:\Users\thibl\AppData\Local\Programs\Python\Python39\lib\site-packages\starlette\middleware\gzip.py", line 126, in __call__
    await super().__call__(scope, receive, send)
  File "C:\Users\thibl\AppData\Local\Programs\Python\Python39\lib\site-packages\starlette\middleware\gzip.py", line 46, in __call__
    await self.app(scope, receive, self.send_with_compression)
  File "C:\Users\thibl\AppData\Local\Programs\Python\Python39\lib\site-packages\starlette\middleware\exceptions.py", line 62, in __call__
    await wrap_app_handling_exceptions(self.app, conn)(scope, receive, send)
  File "C:\Users\thibl\AppData\Local\Programs\Python\Python39\lib\site-packages\starlette\_exception_handler.py", line 53, in wrapped_app
    raise exc
  File "C:\Users\thibl\AppData\Local\Programs\Python\Python39\lib\site-packages\starlette\_exception_handler.py", line 42, in wrapped_app
    await app(scope, receive, sender)
  File "C:\Users\thibl\AppData\Local\Programs\Python\Python39\lib\site-packages\starlette\routing.py", line 714, in __call__
    await self.middleware_stack(scope, receive, send)
  File "C:\Users\thibl\AppData\Local\Programs\Python\Python39\lib\site-packages\starlette\routing.py", line 734, in app
    await route.handle(scope, receive, send)
  File "C:\Users\thibl\AppData\Local\Programs\Python\Python39\lib\site-packages\starlette\routing.py", line 288, in handle
    await self.app(scope, receive, send)
  File "C:\Users\thibl\AppData\Local\Programs\Python\Python39\lib\site-packages\starlette\routing.py", line 76, in app
    await wrap_app_handling_exceptions(app, request)(scope, receive, send)
  File "C:\Users\thibl\AppData\Local\Programs\Python\Python39\lib\site-packages\starlette\_exception_handler.py", line 53, in wrapped_app
    raise exc
  File "C:\Users\thibl\AppData\Local\Programs\Python\Python39\lib\site-packages\starlette\_exception_handler.py", line 42, in wrapped_app
    await app(scope, receive, sender)
  File "C:\Users\thibl\AppData\Local\Programs\Python\Python39\lib\site-packages\starlette\routing.py", line 73, in app
    response = await f(request)
  File "C:\Users\thibl\AppData\Local\Programs\Python\Python39\lib\site-packages\fastapi\routing.py", line 301, in app
    raw_response = await run_endpoint_function(
  File "C:\Users\thibl\AppData\Local\Programs\Python\Python39\lib\site-packages\fastapi\routing.py", line 212, in run_endpoint_function
    return await dependant.call(**values)
  File "C:\Users\thibl\AppData\Local\Programs\Python\Python39\lib\site-packages\nicegui\page.py", line 120, in decorated
    result = func(*dec_args, **dec_kwargs)
  File "C:\Users\thibl\Downloads\bitcoin_scalper-main\app\main.py", line 84, in main
    price_chart = PriceChart()
  File "C:\Users\thibl\Downloads\bitcoin_scalper-main\app\ui\components.py", line 12, in __init__
    self.chart = ui.plotly_chart().classes('w-full h-96')
AttributeError: module 'nicegui.ui' has no attribute 'plotly_chart'
2025-05-17 12:42:23,700 - asyncio - DEBUG - Using selector: SelectSelector
2025-05-17 12:42:23,845 - nicegui - ERROR - __init__() missing 1 required positional argument: 'figure'
  + Exception Group Traceback (most recent call last):
  |   File "C:\Users\thibl\AppData\Local\Programs\Python\Python39\lib\site-packages\starlette\_utils.py", line 76, in collapse_excgroups
  |     yield
  |   File "C:\Users\thibl\AppData\Local\Programs\Python\Python39\lib\site-packages\starlette\middleware\base.py", line 181, in __call__
  |     recv_stream.close()
  |   File "C:\Users\thibl\AppData\Local\Programs\Python\Python39\lib\site-packages\anyio\_backends\_asyncio.py", line 772, in __aexit__
  |     raise BaseExceptionGroup(
  | exceptiongroup.ExceptionGroup: unhandled errors in a TaskGroup (1 sub-exception)
  +-+---------------- 1 ----------------
    | Traceback (most recent call last):
    |   File "C:\Users\thibl\AppData\Local\Programs\Python\Python39\lib\site-packages\starlette\middleware\errors.py", line 165, in __call__
    |     await self.app(scope, receive, _send)
    |   File "C:\Users\thibl\AppData\Local\Programs\Python\Python39\lib\site-packages\starlette\middleware\base.py", line 181, in __call__
    |     recv_stream.close()
    |   File "C:\Users\thibl\AppData\Local\Programs\Python\Python39\lib\contextlib.py", line 135, in __exit__
    |     self.gen.throw(type, value, traceback)
    |   File "C:\Users\thibl\AppData\Local\Programs\Python\Python39\lib\site-packages\starlette\_utils.py", line 82, in collapse_excgroups
    |     raise exc
    |   File "C:\Users\thibl\AppData\Local\Programs\Python\Python39\lib\site-packages\starlette\middleware\base.py", line 178, in __call__
    |     response = await self.dispatch_func(request, call_next)
    |   File "C:\Users\thibl\AppData\Local\Programs\Python\Python39\lib\site-packages\nicegui\middlewares.py", line 10, in dispatch
    |     response = await call_next(request)
    |   File "C:\Users\thibl\AppData\Local\Programs\Python\Python39\lib\site-packages\starlette\middleware\base.py", line 156, in call_next
    |     raise app_exc
    |   File "C:\Users\thibl\AppData\Local\Programs\Python\Python39\lib\site-packages\starlette\middleware\base.py", line 141, in coro
    |     await self.app(scope, receive_or_disconnect, send_no_error)
    |   File "C:\Users\thibl\AppData\Local\Programs\Python\Python39\lib\site-packages\starlette\middleware\gzip.py", line 29, in __call__
    |     await responder(scope, receive, send)
    |   File "C:\Users\thibl\AppData\Local\Programs\Python\Python39\lib\site-packages\starlette\middleware\gzip.py", line 126, in __call__
    |     await super().__call__(scope, receive, send)
    |   File "C:\Users\thibl\AppData\Local\Programs\Python\Python39\lib\site-packages\starlette\middleware\gzip.py", line 46, in __call__
    |     await self.app(scope, receive, self.send_with_compression)
    |   File "C:\Users\thibl\AppData\Local\Programs\Python\Python39\lib\site-packages\starlette\middleware\exceptions.py", line 62, in __call__
    |     await wrap_app_handling_exceptions(self.app, conn)(scope, receive, send)
    |   File "C:\Users\thibl\AppData\Local\Programs\Python\Python39\lib\site-packages\starlette\_exception_handler.py", line 53, in wrapped_app
    |     raise exc
    |   File "C:\Users\thibl\AppData\Local\Programs\Python\Python39\lib\site-packages\starlette\_exception_handler.py", line 42, in wrapped_app
    |     await app(scope, receive, sender)
    |   File "C:\Users\thibl\AppData\Local\Programs\Python\Python39\lib\site-packages\starlette\routing.py", line 714, in __call__
    |     await self.middleware_stack(scope, receive, send)
    |   File "C:\Users\thibl\AppData\Local\Programs\Python\Python39\lib\site-packages\starlette\routing.py", line 734, in app
    |     await route.handle(scope, receive, send)
    |   File "C:\Users\thibl\AppData\Local\Programs\Python\Python39\lib\site-packages\starlette\routing.py", line 288, in handle
    |     await self.app(scope, receive, send)
    |   File "C:\Users\thibl\AppData\Local\Programs\Python\Python39\lib\site-packages\starlette\routing.py", line 76, in app
    |     await wrap_app_handling_exceptions(app, request)(scope, receive, send)
    |   File "C:\Users\thibl\AppData\Local\Programs\Python\Python39\lib\site-packages\starlette\_exception_handler.py", line 53, in wrapped_app
    |     raise exc
    |   File "C:\Users\thibl\AppData\Local\Programs\Python\Python39\lib\site-packages\starlette\_exception_handler.py", line 42, in wrapped_app
    |     await app(scope, receive, sender)
    |   File "C:\Users\thibl\AppData\Local\Programs\Python\Python39\lib\site-packages\starlette\routing.py", line 73, in app
    |     response = await f(request)
    |   File "C:\Users\thibl\AppData\Local\Programs\Python\Python39\lib\site-packages\fastapi\routing.py", line 301, in app
    |     raw_response = await run_endpoint_function(
    |   File "C:\Users\thibl\AppData\Local\Programs\Python\Python39\lib\site-packages\fastapi\routing.py", line 212, in run_endpoint_function
    |     return await dependant.call(**values)
    |   File "C:\Users\thibl\AppData\Local\Programs\Python\Python39\lib\site-packages\nicegui\page.py", line 120, in decorated
    |     result = func(*dec_args, **dec_kwargs)
    |   File "C:\Users\thibl\Downloads\bitcoin_scalper-main\app\main.py", line 84, in main
    |     price_chart = PriceChart()
    |   File "C:\Users\thibl\Downloads\bitcoin_scalper-main\app\ui\components.py", line 12, in __init__
    |     self.chart = ui.plotly().classes('w-full h-96')
    | TypeError: __init__() missing 1 required positional argument: 'figure'
    +------------------------------------

During handling of the above exception, another exception occurred:

Traceback (most recent call last):
  File "C:\Users\thibl\AppData\Local\Programs\Python\Python39\lib\site-packages\starlette\middleware\errors.py", line 165, in __call__
    await self.app(scope, receive, _send)
  File "C:\Users\thibl\AppData\Local\Programs\Python\Python39\lib\site-packages\starlette\middleware\base.py", line 181, in __call__
    recv_stream.close()
  File "C:\Users\thibl\AppData\Local\Programs\Python\Python39\lib\contextlib.py", line 135, in __exit__
    self.gen.throw(type, value, traceback)
  File "C:\Users\thibl\AppData\Local\Programs\Python\Python39\lib\site-packages\starlette\_utils.py", line 82, in collapse_excgroups
    raise exc
  File "C:\Users\thibl\AppData\Local\Programs\Python\Python39\lib\site-packages\starlette\middleware\base.py", line 178, in __call__
    response = await self.dispatch_func(request, call_next)
  File "C:\Users\thibl\AppData\Local\Programs\Python\Python39\lib\site-packages\nicegui\middlewares.py", line 10, in dispatch
    response = await call_next(request)
  File "C:\Users\thibl\AppData\Local\Programs\Python\Python39\lib\site-packages\starlette\middleware\base.py", line 156, in call_next
    raise app_exc
  File "C:\Users\thibl\AppData\Local\Programs\Python\Python39\lib\site-packages\starlette\middleware\base.py", line 141, in coro
    await self.app(scope, receive_or_disconnect, send_no_error)
  File "C:\Users\thibl\AppData\Local\Programs\Python\Python39\lib\site-packages\starlette\middleware\gzip.py", line 29, in __call__
    await responder(scope, receive, send)
  File "C:\Users\thibl\AppData\Local\Programs\Python\Python39\lib\site-packages\starlette\middleware\gzip.py", line 126, in __call__
    await super().__call__(scope, receive, send)
  File "C:\Users\thibl\AppData\Local\Programs\Python\Python39\lib\site-packages\starlette\middleware\gzip.py", line 46, in __call__
    await self.app(scope, receive, self.send_with_compression)
  File "C:\Users\thibl\AppData\Local\Programs\Python\Python39\lib\site-packages\starlette\middleware\exceptions.py", line 62, in __call__
    await wrap_app_handling_exceptions(self.app, conn)(scope, receive, send)
  File "C:\Users\thibl\AppData\Local\Programs\Python\Python39\lib\site-packages\starlette\_exception_handler.py", line 53, in wrapped_app
    raise exc
  File "C:\Users\thibl\AppData\Local\Programs\Python\Python39\lib\site-packages\starlette\_exception_handler.py", line 42, in wrapped_app
    await app(scope, receive, sender)
  File "C:\Users\thibl\AppData\Local\Programs\Python\Python39\lib\site-packages\starlette\routing.py", line 714, in __call__
    await self.middleware_stack(scope, receive, send)
  File "C:\Users\thibl\AppData\Local\Programs\Python\Python39\lib\site-packages\starlette\routing.py", line 734, in app
    await route.handle(scope, receive, send)
  File "C:\Users\thibl\AppData\Local\Programs\Python\Python39\lib\site-packages\starlette\routing.py", line 288, in handle
    await self.app(scope, receive, send)
  File "C:\Users\thibl\AppData\Local\Programs\Python\Python39\lib\site-packages\starlette\routing.py", line 76, in app
    await wrap_app_handling_exceptions(app, request)(scope, receive, send)
  File "C:\Users\thibl\AppData\Local\Programs\Python\Python39\lib\site-packages\starlette\_exception_handler.py", line 53, in wrapped_app
    raise exc
  File "C:\Users\thibl\AppData\Local\Programs\Python\Python39\lib\site-packages\starlette\_exception_handler.py", line 42, in wrapped_app
    await app(scope, receive, sender)
  File "C:\Users\thibl\AppData\Local\Programs\Python\Python39\lib\site-packages\starlette\routing.py", line 73, in app
    response = await f(request)
  File "C:\Users\thibl\AppData\Local\Programs\Python\Python39\lib\site-packages\fastapi\routing.py", line 301, in app
    raw_response = await run_endpoint_function(
  File "C:\Users\thibl\AppData\Local\Programs\Python\Python39\lib\site-packages\fastapi\routing.py", line 212, in run_endpoint_function
    return await dependant.call(**values)
  File "C:\Users\thibl\AppData\Local\Programs\Python\Python39\lib\site-packages\nicegui\page.py", line 120, in decorated
    result = func(*dec_args, **dec_kwargs)
  File "C:\Users\thibl\Downloads\bitcoin_scalper-main\app\main.py", line 84, in main
    price_chart = PriceChart()
  File "C:\Users\thibl\Downloads\bitcoin_scalper-main\app\ui\components.py", line 12, in __init__
    self.chart = ui.plotly().classes('w-full h-96')
TypeError: __init__() missing 1 required positional argument: 'figure'
2025-05-17 12:42:24,624 - nicegui - ERROR - __init__() missing 1 required positional argument: 'figure'
  + Exception Group Traceback (most recent call last):
  |   File "C:\Users\thibl\AppData\Local\Programs\Python\Python39\lib\site-packages\starlette\_utils.py", line 76, in collapse_excgroups
  |     yield
  |   File "C:\Users\thibl\AppData\Local\Programs\Python\Python39\lib\site-packages\starlette\middleware\base.py", line 181, in __call__
  |     recv_stream.close()
  |   File "C:\Users\thibl\AppData\Local\Programs\Python\Python39\lib\site-packages\anyio\_backends\_asyncio.py", line 772, in __aexit__
  |     raise BaseExceptionGroup(
  | exceptiongroup.ExceptionGroup: unhandled errors in a TaskGroup (1 sub-exception)
  +-+---------------- 1 ----------------
    | Traceback (most recent call last):
    |   File "C:\Users\thibl\AppData\Local\Programs\Python\Python39\lib\site-packages\starlette\middleware\errors.py", line 165, in __call__
    |     await self.app(scope, receive, _send)
    |   File "C:\Users\thibl\AppData\Local\Programs\Python\Python39\lib\site-packages\starlette\middleware\base.py", line 181, in __call__
    |     recv_stream.close()
    |   File "C:\Users\thibl\AppData\Local\Programs\Python\Python39\lib\contextlib.py", line 135, in __exit__
    |     self.gen.throw(type, value, traceback)
    |   File "C:\Users\thibl\AppData\Local\Programs\Python\Python39\lib\site-packages\starlette\_utils.py", line 82, in collapse_excgroups
    |     raise exc
    |   File "C:\Users\thibl\AppData\Local\Programs\Python\Python39\lib\site-packages\starlette\middleware\base.py", line 178, in __call__
    |     response = await self.dispatch_func(request, call_next)
    |   File "C:\Users\thibl\AppData\Local\Programs\Python\Python39\lib\site-packages\nicegui\middlewares.py", line 10, in dispatch
    |     response = await call_next(request)
    |   File "C:\Users\thibl\AppData\Local\Programs\Python\Python39\lib\site-packages\starlette\middleware\base.py", line 156, in call_next
    |     raise app_exc
    |   File "C:\Users\thibl\AppData\Local\Programs\Python\Python39\lib\site-packages\starlette\middleware\base.py", line 141, in coro
    |     await self.app(scope, receive_or_disconnect, send_no_error)
    |   File "C:\Users\thibl\AppData\Local\Programs\Python\Python39\lib\site-packages\starlette\middleware\gzip.py", line 29, in __call__
    |     await responder(scope, receive, send)
    |   File "C:\Users\thibl\AppData\Local\Programs\Python\Python39\lib\site-packages\starlette\middleware\gzip.py", line 126, in __call__
    |     await super().__call__(scope, receive, send)
    |   File "C:\Users\thibl\AppData\Local\Programs\Python\Python39\lib\site-packages\starlette\middleware\gzip.py", line 46, in __call__
    |     await self.app(scope, receive, self.send_with_compression)
    |   File "C:\Users\thibl\AppData\Local\Programs\Python\Python39\lib\site-packages\starlette\middleware\exceptions.py", line 62, in __call__
    |     await wrap_app_handling_exceptions(self.app, conn)(scope, receive, send)
    |   File "C:\Users\thibl\AppData\Local\Programs\Python\Python39\lib\site-packages\starlette\_exception_handler.py", line 53, in wrapped_app
    |     raise exc
    |   File "C:\Users\thibl\AppData\Local\Programs\Python\Python39\lib\site-packages\starlette\_exception_handler.py", line 42, in wrapped_app
    |     await app(scope, receive, sender)
    |   File "C:\Users\thibl\AppData\Local\Programs\Python\Python39\lib\site-packages\starlette\routing.py", line 714, in __call__
    |     await self.middleware_stack(scope, receive, send)
    |   File "C:\Users\thibl\AppData\Local\Programs\Python\Python39\lib\site-packages\starlette\routing.py", line 734, in app
    |     await route.handle(scope, receive, send)
    |   File "C:\Users\thibl\AppData\Local\Programs\Python\Python39\lib\site-packages\starlette\routing.py", line 288, in handle
    |     await self.app(scope, receive, send)
    |   File "C:\Users\thibl\AppData\Local\Programs\Python\Python39\lib\site-packages\starlette\routing.py", line 76, in app
    |     await wrap_app_handling_exceptions(app, request)(scope, receive, send)
    |   File "C:\Users\thibl\AppData\Local\Programs\Python\Python39\lib\site-packages\starlette\_exception_handler.py", line 53, in wrapped_app
    |     raise exc
    |   File "C:\Users\thibl\AppData\Local\Programs\Python\Python39\lib\site-packages\starlette\_exception_handler.py", line 42, in wrapped_app
    |     await app(scope, receive, sender)
    |   File "C:\Users\thibl\AppData\Local\Programs\Python\Python39\lib\site-packages\starlette\routing.py", line 73, in app
    |     response = await f(request)
    |   File "C:\Users\thibl\AppData\Local\Programs\Python\Python39\lib\site-packages\fastapi\routing.py", line 301, in app
    |     raw_response = await run_endpoint_function(
    |   File "C:\Users\thibl\AppData\Local\Programs\Python\Python39\lib\site-packages\fastapi\routing.py", line 212, in run_endpoint_function
    |     return await dependant.call(**values)
    |   File "C:\Users\thibl\AppData\Local\Programs\Python\Python39\lib\site-packages\nicegui\page.py", line 120, in decorated
    |     result = func(*dec_args, **dec_kwargs)
    |   File "C:\Users\thibl\Downloads\bitcoin_scalper-main\app\main.py", line 84, in main
    |     price_chart = PriceChart()
    |   File "C:\Users\thibl\Downloads\bitcoin_scalper-main\app\ui\components.py", line 12, in __init__
    |     self.chart = ui.plotly().classes('w-full h-96')
    | TypeError: __init__() missing 1 required positional argument: 'figure'
    +------------------------------------

During handling of the above exception, another exception occurred:

Traceback (most recent call last):
  File "C:\Users\thibl\AppData\Local\Programs\Python\Python39\lib\site-packages\starlette\middleware\errors.py", line 165, in __call__
    await self.app(scope, receive, _send)
  File "C:\Users\thibl\AppData\Local\Programs\Python\Python39\lib\site-packages\starlette\middleware\base.py", line 181, in __call__
    recv_stream.close()
  File "C:\Users\thibl\AppData\Local\Programs\Python\Python39\lib\contextlib.py", line 135, in __exit__
    self.gen.throw(type, value, traceback)
  File "C:\Users\thibl\AppData\Local\Programs\Python\Python39\lib\site-packages\starlette\_utils.py", line 82, in collapse_excgroups
    raise exc
  File "C:\Users\thibl\AppData\Local\Programs\Python\Python39\lib\site-packages\starlette\middleware\base.py", line 178, in __call__
    response = await self.dispatch_func(request, call_next)
  File "C:\Users\thibl\AppData\Local\Programs\Python\Python39\lib\site-packages\nicegui\middlewares.py", line 10, in dispatch
    response = await call_next(request)
  File "C:\Users\thibl\AppData\Local\Programs\Python\Python39\lib\site-packages\starlette\middleware\base.py", line 156, in call_next
    raise app_exc
  File "C:\Users\thibl\AppData\Local\Programs\Python\Python39\lib\site-packages\starlette\middleware\base.py", line 141, in coro
    await self.app(scope, receive_or_disconnect, send_no_error)
  File "C:\Users\thibl\AppData\Local\Programs\Python\Python39\lib\site-packages\starlette\middleware\gzip.py", line 29, in __call__
    await responder(scope, receive, send)
  File "C:\Users\thibl\AppData\Local\Programs\Python\Python39\lib\site-packages\starlette\middleware\gzip.py", line 126, in __call__
    await super().__call__(scope, receive, send)
  File "C:\Users\thibl\AppData\Local\Programs\Python\Python39\lib\site-packages\starlette\middleware\gzip.py", line 46, in __call__
    await self.app(scope, receive, self.send_with_compression)
  File "C:\Users\thibl\AppData\Local\Programs\Python\Python39\lib\site-packages\starlette\middleware\exceptions.py", line 62, in __call__
    await wrap_app_handling_exceptions(self.app, conn)(scope, receive, send)
  File "C:\Users\thibl\AppData\Local\Programs\Python\Python39\lib\site-packages\starlette\_exception_handler.py", line 53, in wrapped_app
    raise exc
  File "C:\Users\thibl\AppData\Local\Programs\Python\Python39\lib\site-packages\starlette\_exception_handler.py", line 42, in wrapped_app
    await app(scope, receive, sender)
  File "C:\Users\thibl\AppData\Local\Programs\Python\Python39\lib\site-packages\starlette\routing.py", line 714, in __call__
    await self.middleware_stack(scope, receive, send)
  File "C:\Users\thibl\AppData\Local\Programs\Python\Python39\lib\site-packages\starlette\routing.py", line 734, in app
    await route.handle(scope, receive, send)
  File "C:\Users\thibl\AppData\Local\Programs\Python\Python39\lib\site-packages\starlette\routing.py", line 288, in handle
    await self.app(scope, receive, send)
  File "C:\Users\thibl\AppData\Local\Programs\Python\Python39\lib\site-packages\starlette\routing.py", line 76, in app
    await wrap_app_handling_exceptions(app, request)(scope, receive, send)
  File "C:\Users\thibl\AppData\Local\Programs\Python\Python39\lib\site-packages\starlette\_exception_handler.py", line 53, in wrapped_app
    raise exc
  File "C:\Users\thibl\AppData\Local\Programs\Python\Python39\lib\site-packages\starlette\_exception_handler.py", line 42, in wrapped_app
    await app(scope, receive, sender)
  File "C:\Users\thibl\AppData\Local\Programs\Python\Python39\lib\site-packages\starlette\routing.py", line 73, in app
    response = await f(request)
  File "C:\Users\thibl\AppData\Local\Programs\Python\Python39\lib\site-packages\fastapi\routing.py", line 301, in app
    raw_response = await run_endpoint_function(
  File "C:\Users\thibl\AppData\Local\Programs\Python\Python39\lib\site-packages\fastapi\routing.py", line 212, in run_endpoint_function
    return await dependant.call(**values)
  File "C:\Users\thibl\AppData\Local\Programs\Python\Python39\lib\site-packages\nicegui\page.py", line 120, in decorated
    result = func(*dec_args, **dec_kwargs)
  File "C:\Users\thibl\Downloads\bitcoin_scalper-main\app\main.py", line 84, in main
    price_chart = PriceChart()
  File "C:\Users\thibl\Downloads\bitcoin_scalper-main\app\ui\components.py", line 12, in __init__
    self.chart = ui.plotly().classes('w-full h-96')
TypeError: __init__() missing 1 required positional argument: 'figure'
2025-05-17 12:45:33,448 - asyncio - DEBUG - Using selector: SelectSelector
2025-05-17 12:45:33,825 - app.services.trading_service - INFO - Connexion MT5 réussie
2025-05-17 12:45:34,857 - app.services.trading_service - INFO - Connexion MT5 réussie
2025-05-17 13:10:13,988 - asyncio - DEBUG - Using selector: SelectSelector
2025-05-17 13:10:14,496 - nicegui - ERROR - Invalid value: MACD
  + Exception Group Traceback (most recent call last):
  |   File "C:\Users\thibl\AppData\Local\Programs\Python\Python39\lib\site-packages\starlette\_utils.py", line 76, in collapse_excgroups
  |     yield
  |   File "C:\Users\thibl\AppData\Local\Programs\Python\Python39\lib\site-packages\starlette\middleware\base.py", line 181, in __call__
  |     recv_stream.close()
  |   File "C:\Users\thibl\AppData\Local\Programs\Python\Python39\lib\site-packages\anyio\_backends\_asyncio.py", line 772, in __aexit__
  |     raise BaseExceptionGroup(
  | exceptiongroup.ExceptionGroup: unhandled errors in a TaskGroup (1 sub-exception)
  +-+---------------- 1 ----------------
    | Traceback (most recent call last):
    |   File "C:\Users\thibl\AppData\Local\Programs\Python\Python39\lib\site-packages\starlette\middleware\errors.py", line 165, in __call__
    |     await self.app(scope, receive, _send)
    |   File "C:\Users\thibl\AppData\Local\Programs\Python\Python39\lib\site-packages\starlette\middleware\base.py", line 181, in __call__
    |     recv_stream.close()
    |   File "C:\Users\thibl\AppData\Local\Programs\Python\Python39\lib\contextlib.py", line 135, in __exit__
    |     self.gen.throw(type, value, traceback)
    |   File "C:\Users\thibl\AppData\Local\Programs\Python\Python39\lib\site-packages\starlette\_utils.py", line 82, in collapse_excgroups
    |     raise exc
    |   File "C:\Users\thibl\AppData\Local\Programs\Python\Python39\lib\site-packages\starlette\middleware\base.py", line 178, in __call__
    |     response = await self.dispatch_func(request, call_next)
    |   File "C:\Users\thibl\AppData\Local\Programs\Python\Python39\lib\site-packages\nicegui\middlewares.py", line 10, in dispatch
    |     response = await call_next(request)
    |   File "C:\Users\thibl\AppData\Local\Programs\Python\Python39\lib\site-packages\starlette\middleware\base.py", line 156, in call_next
    |     raise app_exc
    |   File "C:\Users\thibl\AppData\Local\Programs\Python\Python39\lib\site-packages\starlette\middleware\base.py", line 141, in coro
    |     await self.app(scope, receive_or_disconnect, send_no_error)
    |   File "C:\Users\thibl\AppData\Local\Programs\Python\Python39\lib\site-packages\starlette\middleware\gzip.py", line 29, in __call__
    |     await responder(scope, receive, send)
    |   File "C:\Users\thibl\AppData\Local\Programs\Python\Python39\lib\site-packages\starlette\middleware\gzip.py", line 126, in __call__
    |     await super().__call__(scope, receive, send)
    |   File "C:\Users\thibl\AppData\Local\Programs\Python\Python39\lib\site-packages\starlette\middleware\gzip.py", line 46, in __call__
    |     await self.app(scope, receive, self.send_with_compression)
    |   File "C:\Users\thibl\AppData\Local\Programs\Python\Python39\lib\site-packages\starlette\middleware\exceptions.py", line 62, in __call__
    |     await wrap_app_handling_exceptions(self.app, conn)(scope, receive, send)
    |   File "C:\Users\thibl\AppData\Local\Programs\Python\Python39\lib\site-packages\starlette\_exception_handler.py", line 53, in wrapped_app
    |     raise exc
    |   File "C:\Users\thibl\AppData\Local\Programs\Python\Python39\lib\site-packages\starlette\_exception_handler.py", line 42, in wrapped_app
    |     await app(scope, receive, sender)
    |   File "C:\Users\thibl\AppData\Local\Programs\Python\Python39\lib\site-packages\starlette\routing.py", line 714, in __call__
    |     await self.middleware_stack(scope, receive, send)
    |   File "C:\Users\thibl\AppData\Local\Programs\Python\Python39\lib\site-packages\starlette\routing.py", line 734, in app
    |     await route.handle(scope, receive, send)
    |   File "C:\Users\thibl\AppData\Local\Programs\Python\Python39\lib\site-packages\starlette\routing.py", line 288, in handle
    |     await self.app(scope, receive, send)
    |   File "C:\Users\thibl\AppData\Local\Programs\Python\Python39\lib\site-packages\starlette\routing.py", line 76, in app
    |     await wrap_app_handling_exceptions(app, request)(scope, receive, send)
    |   File "C:\Users\thibl\AppData\Local\Programs\Python\Python39\lib\site-packages\starlette\_exception_handler.py", line 53, in wrapped_app
    |     raise exc
    |   File "C:\Users\thibl\AppData\Local\Programs\Python\Python39\lib\site-packages\starlette\_exception_handler.py", line 42, in wrapped_app
    |     await app(scope, receive, sender)
    |   File "C:\Users\thibl\AppData\Local\Programs\Python\Python39\lib\site-packages\starlette\routing.py", line 73, in app
    |     response = await f(request)
    |   File "C:\Users\thibl\AppData\Local\Programs\Python\Python39\lib\site-packages\fastapi\routing.py", line 301, in app
    |     raw_response = await run_endpoint_function(
    |   File "C:\Users\thibl\AppData\Local\Programs\Python\Python39\lib\site-packages\fastapi\routing.py", line 212, in run_endpoint_function
    |     return await dependant.call(**values)
    |   File "C:\Users\thibl\AppData\Local\Programs\Python\Python39\lib\site-packages\nicegui\page.py", line 120, in decorated
    |     result = func(*dec_args, **dec_kwargs)
    |   File "C:\Users\thibl\Downloads\bitcoin_scalper-main\app\main.py", line 84, in main
    |     control_panel = ControlPanel(
    |   File "C:\Users\thibl\Downloads\bitcoin_scalper-main\app\ui\components.py", line 97, in __init__
    |     self.strategy_select = ui.select(
    |   File "C:\Users\thibl\AppData\Local\Programs\Python\Python39\lib\site-packages\nicegui\elements\select.py", line 64, in __init__
    |     super().__init__(label=label, options=options, value=value, on_change=on_change, validation=validation)
    |   File "C:\Users\thibl\AppData\Local\Programs\Python\Python39\lib\site-packages\nicegui\elements\mixins\label_element.py", line 14, in __init__
    |     super().__init__(**kwargs)
    |   File "C:\Users\thibl\AppData\Local\Programs\Python\Python39\lib\site-packages\nicegui\elements\mixins\validation_element.py", line 18, in __init__
    |     super().__init__(**kwargs)
    |   File "C:\Users\thibl\AppData\Local\Programs\Python\Python39\lib\site-packages\nicegui\elements\choice_element.py", line 20, in __init__
    |     raise ValueError(f'Invalid value: {value}')
    | ValueError: Invalid value: MACD
    +------------------------------------

During handling of the above exception, another exception occurred:

Traceback (most recent call last):
  File "C:\Users\thibl\AppData\Local\Programs\Python\Python39\lib\site-packages\starlette\middleware\errors.py", line 165, in __call__
    await self.app(scope, receive, _send)
  File "C:\Users\thibl\AppData\Local\Programs\Python\Python39\lib\site-packages\starlette\middleware\base.py", line 181, in __call__
    recv_stream.close()
  File "C:\Users\thibl\AppData\Local\Programs\Python\Python39\lib\contextlib.py", line 135, in __exit__
    self.gen.throw(type, value, traceback)
  File "C:\Users\thibl\AppData\Local\Programs\Python\Python39\lib\site-packages\starlette\_utils.py", line 82, in collapse_excgroups
    raise exc
  File "C:\Users\thibl\AppData\Local\Programs\Python\Python39\lib\site-packages\starlette\middleware\base.py", line 178, in __call__
    response = await self.dispatch_func(request, call_next)
  File "C:\Users\thibl\AppData\Local\Programs\Python\Python39\lib\site-packages\nicegui\middlewares.py", line 10, in dispatch
    response = await call_next(request)
  File "C:\Users\thibl\AppData\Local\Programs\Python\Python39\lib\site-packages\starlette\middleware\base.py", line 156, in call_next
    raise app_exc
  File "C:\Users\thibl\AppData\Local\Programs\Python\Python39\lib\site-packages\starlette\middleware\base.py", line 141, in coro
    await self.app(scope, receive_or_disconnect, send_no_error)
  File "C:\Users\thibl\AppData\Local\Programs\Python\Python39\lib\site-packages\starlette\middleware\gzip.py", line 29, in __call__
    await responder(scope, receive, send)
  File "C:\Users\thibl\AppData\Local\Programs\Python\Python39\lib\site-packages\starlette\middleware\gzip.py", line 126, in __call__
    await super().__call__(scope, receive, send)
  File "C:\Users\thibl\AppData\Local\Programs\Python\Python39\lib\site-packages\starlette\middleware\gzip.py", line 46, in __call__
    await self.app(scope, receive, self.send_with_compression)
  File "C:\Users\thibl\AppData\Local\Programs\Python\Python39\lib\site-packages\starlette\middleware\exceptions.py", line 62, in __call__
    await wrap_app_handling_exceptions(self.app, conn)(scope, receive, send)
  File "C:\Users\thibl\AppData\Local\Programs\Python\Python39\lib\site-packages\starlette\_exception_handler.py", line 53, in wrapped_app
    raise exc
  File "C:\Users\thibl\AppData\Local\Programs\Python\Python39\lib\site-packages\starlette\_exception_handler.py", line 42, in wrapped_app
    await app(scope, receive, sender)
  File "C:\Users\thibl\AppData\Local\Programs\Python\Python39\lib\site-packages\starlette\routing.py", line 714, in __call__
    await self.middleware_stack(scope, receive, send)
  File "C:\Users\thibl\AppData\Local\Programs\Python\Python39\lib\site-packages\starlette\routing.py", line 734, in app
    await route.handle(scope, receive, send)
  File "C:\Users\thibl\AppData\Local\Programs\Python\Python39\lib\site-packages\starlette\routing.py", line 288, in handle
    await self.app(scope, receive, send)
  File "C:\Users\thibl\AppData\Local\Programs\Python\Python39\lib\site-packages\starlette\routing.py", line 76, in app
    await wrap_app_handling_exceptions(app, request)(scope, receive, send)
  File "C:\Users\thibl\AppData\Local\Programs\Python\Python39\lib\site-packages\starlette\_exception_handler.py", line 53, in wrapped_app
    raise exc
  File "C:\Users\thibl\AppData\Local\Programs\Python\Python39\lib\site-packages\starlette\_exception_handler.py", line 42, in wrapped_app
    await app(scope, receive, sender)
  File "C:\Users\thibl\AppData\Local\Programs\Python\Python39\lib\site-packages\starlette\routing.py", line 73, in app
    response = await f(request)
  File "C:\Users\thibl\AppData\Local\Programs\Python\Python39\lib\site-packages\fastapi\routing.py", line 301, in app
    raw_response = await run_endpoint_function(
  File "C:\Users\thibl\AppData\Local\Programs\Python\Python39\lib\site-packages\fastapi\routing.py", line 212, in run_endpoint_function
    return await dependant.call(**values)
  File "C:\Users\thibl\AppData\Local\Programs\Python\Python39\lib\site-packages\nicegui\page.py", line 120, in decorated
    result = func(*dec_args, **dec_kwargs)
  File "C:\Users\thibl\Downloads\bitcoin_scalper-main\app\main.py", line 84, in main
    control_panel = ControlPanel(
  File "C:\Users\thibl\Downloads\bitcoin_scalper-main\app\ui\components.py", line 97, in __init__
    self.strategy_select = ui.select(
  File "C:\Users\thibl\AppData\Local\Programs\Python\Python39\lib\site-packages\nicegui\elements\select.py", line 64, in __init__
    super().__init__(label=label, options=options, value=value, on_change=on_change, validation=validation)
  File "C:\Users\thibl\AppData\Local\Programs\Python\Python39\lib\site-packages\nicegui\elements\mixins\label_element.py", line 14, in __init__
    super().__init__(**kwargs)
  File "C:\Users\thibl\AppData\Local\Programs\Python\Python39\lib\site-packages\nicegui\elements\mixins\validation_element.py", line 18, in __init__
    super().__init__(**kwargs)
  File "C:\Users\thibl\AppData\Local\Programs\Python\Python39\lib\site-packages\nicegui\elements\choice_element.py", line 20, in __init__
    raise ValueError(f'Invalid value: {value}')
ValueError: Invalid value: MACD
2025-05-17 13:12:44,101 - nicegui - WARNING - binding propagation for 0 active links took 0.016 s
2025-05-17 13:25:40,127 - nicegui - ERROR - Invalid value: MACD
  + Exception Group Traceback (most recent call last):
  |   File "C:\Users\thibl\AppData\Local\Programs\Python\Python39\lib\site-packages\starlette\_utils.py", line 76, in collapse_excgroups
  |     yield
  |   File "C:\Users\thibl\AppData\Local\Programs\Python\Python39\lib\site-packages\starlette\middleware\base.py", line 181, in __call__
  |     recv_stream.close()
  |   File "C:\Users\thibl\AppData\Local\Programs\Python\Python39\lib\site-packages\anyio\_backends\_asyncio.py", line 772, in __aexit__
  |     raise BaseExceptionGroup(
  | exceptiongroup.ExceptionGroup: unhandled errors in a TaskGroup (1 sub-exception)
  +-+---------------- 1 ----------------
    | Traceback (most recent call last):
    |   File "C:\Users\thibl\AppData\Local\Programs\Python\Python39\lib\site-packages\starlette\middleware\errors.py", line 165, in __call__
    |     await self.app(scope, receive, _send)
    |   File "C:\Users\thibl\AppData\Local\Programs\Python\Python39\lib\site-packages\starlette\middleware\base.py", line 181, in __call__
    |     recv_stream.close()
    |   File "C:\Users\thibl\AppData\Local\Programs\Python\Python39\lib\contextlib.py", line 135, in __exit__
    |     self.gen.throw(type, value, traceback)
    |   File "C:\Users\thibl\AppData\Local\Programs\Python\Python39\lib\site-packages\starlette\_utils.py", line 82, in collapse_excgroups
    |     raise exc
    |   File "C:\Users\thibl\AppData\Local\Programs\Python\Python39\lib\site-packages\starlette\middleware\base.py", line 178, in __call__
    |     response = await self.dispatch_func(request, call_next)
    |   File "C:\Users\thibl\AppData\Local\Programs\Python\Python39\lib\site-packages\nicegui\middlewares.py", line 10, in dispatch
    |     response = await call_next(request)
    |   File "C:\Users\thibl\AppData\Local\Programs\Python\Python39\lib\site-packages\starlette\middleware\base.py", line 156, in call_next
    |     raise app_exc
    |   File "C:\Users\thibl\AppData\Local\Programs\Python\Python39\lib\site-packages\starlette\middleware\base.py", line 141, in coro
    |     await self.app(scope, receive_or_disconnect, send_no_error)
    |   File "C:\Users\thibl\AppData\Local\Programs\Python\Python39\lib\site-packages\starlette\middleware\gzip.py", line 29, in __call__
    |     await responder(scope, receive, send)
    |   File "C:\Users\thibl\AppData\Local\Programs\Python\Python39\lib\site-packages\starlette\middleware\gzip.py", line 126, in __call__
    |     await super().__call__(scope, receive, send)
    |   File "C:\Users\thibl\AppData\Local\Programs\Python\Python39\lib\site-packages\starlette\middleware\gzip.py", line 46, in __call__
    |     await self.app(scope, receive, self.send_with_compression)
    |   File "C:\Users\thibl\AppData\Local\Programs\Python\Python39\lib\site-packages\starlette\middleware\exceptions.py", line 62, in __call__
    |     await wrap_app_handling_exceptions(self.app, conn)(scope, receive, send)
    |   File "C:\Users\thibl\AppData\Local\Programs\Python\Python39\lib\site-packages\starlette\_exception_handler.py", line 53, in wrapped_app
    |     raise exc
    |   File "C:\Users\thibl\AppData\Local\Programs\Python\Python39\lib\site-packages\starlette\_exception_handler.py", line 42, in wrapped_app
    |     await app(scope, receive, sender)
    |   File "C:\Users\thibl\AppData\Local\Programs\Python\Python39\lib\site-packages\starlette\routing.py", line 714, in __call__
    |     await self.middleware_stack(scope, receive, send)
    |   File "C:\Users\thibl\AppData\Local\Programs\Python\Python39\lib\site-packages\starlette\routing.py", line 734, in app
    |     await route.handle(scope, receive, send)
    |   File "C:\Users\thibl\AppData\Local\Programs\Python\Python39\lib\site-packages\starlette\routing.py", line 288, in handle
    |     await self.app(scope, receive, send)
    |   File "C:\Users\thibl\AppData\Local\Programs\Python\Python39\lib\site-packages\starlette\routing.py", line 76, in app
    |     await wrap_app_handling_exceptions(app, request)(scope, receive, send)
    |   File "C:\Users\thibl\AppData\Local\Programs\Python\Python39\lib\site-packages\starlette\_exception_handler.py", line 53, in wrapped_app
    |     raise exc
    |   File "C:\Users\thibl\AppData\Local\Programs\Python\Python39\lib\site-packages\starlette\_exception_handler.py", line 42, in wrapped_app
    |     await app(scope, receive, sender)
    |   File "C:\Users\thibl\AppData\Local\Programs\Python\Python39\lib\site-packages\starlette\routing.py", line 73, in app
    |     response = await f(request)
    |   File "C:\Users\thibl\AppData\Local\Programs\Python\Python39\lib\site-packages\fastapi\routing.py", line 301, in app
    |     raw_response = await run_endpoint_function(
    |   File "C:\Users\thibl\AppData\Local\Programs\Python\Python39\lib\site-packages\fastapi\routing.py", line 212, in run_endpoint_function
    |     return await dependant.call(**values)
    |   File "C:\Users\thibl\AppData\Local\Programs\Python\Python39\lib\site-packages\nicegui\page.py", line 120, in decorated
    |     result = func(*dec_args, **dec_kwargs)
    |   File "C:\Users\thibl\Downloads\bitcoin_scalper-main\app\main.py", line 84, in main
    |     control_panel = ControlPanel(
    |   File "C:\Users\thibl\Downloads\bitcoin_scalper-main\app\ui\components.py", line 97, in __init__
    |     self.strategy_select = ui.select(
    |   File "C:\Users\thibl\AppData\Local\Programs\Python\Python39\lib\site-packages\nicegui\elements\select.py", line 64, in __init__
    |     super().__init__(label=label, options=options, value=value, on_change=on_change, validation=validation)
    |   File "C:\Users\thibl\AppData\Local\Programs\Python\Python39\lib\site-packages\nicegui\elements\mixins\label_element.py", line 14, in __init__
    |     super().__init__(**kwargs)
    |   File "C:\Users\thibl\AppData\Local\Programs\Python\Python39\lib\site-packages\nicegui\elements\mixins\validation_element.py", line 18, in __init__
    |     super().__init__(**kwargs)
    |   File "C:\Users\thibl\AppData\Local\Programs\Python\Python39\lib\site-packages\nicegui\elements\choice_element.py", line 20, in __init__
    |     raise ValueError(f'Invalid value: {value}')
    | ValueError: Invalid value: MACD
    +------------------------------------

During handling of the above exception, another exception occurred:

Traceback (most recent call last):
  File "C:\Users\thibl\AppData\Local\Programs\Python\Python39\lib\site-packages\starlette\middleware\errors.py", line 165, in __call__
    await self.app(scope, receive, _send)
  File "C:\Users\thibl\AppData\Local\Programs\Python\Python39\lib\site-packages\starlette\middleware\base.py", line 181, in __call__
    recv_stream.close()
  File "C:\Users\thibl\AppData\Local\Programs\Python\Python39\lib\contextlib.py", line 135, in __exit__
    self.gen.throw(type, value, traceback)
  File "C:\Users\thibl\AppData\Local\Programs\Python\Python39\lib\site-packages\starlette\_utils.py", line 82, in collapse_excgroups
    raise exc
  File "C:\Users\thibl\AppData\Local\Programs\Python\Python39\lib\site-packages\starlette\middleware\base.py", line 178, in __call__
    response = await self.dispatch_func(request, call_next)
  File "C:\Users\thibl\AppData\Local\Programs\Python\Python39\lib\site-packages\nicegui\middlewares.py", line 10, in dispatch
    response = await call_next(request)
  File "C:\Users\thibl\AppData\Local\Programs\Python\Python39\lib\site-packages\starlette\middleware\base.py", line 156, in call_next
    raise app_exc
  File "C:\Users\thibl\AppData\Local\Programs\Python\Python39\lib\site-packages\starlette\middleware\base.py", line 141, in coro
    await self.app(scope, receive_or_disconnect, send_no_error)
  File "C:\Users\thibl\AppData\Local\Programs\Python\Python39\lib\site-packages\starlette\middleware\gzip.py", line 29, in __call__
    await responder(scope, receive, send)
  File "C:\Users\thibl\AppData\Local\Programs\Python\Python39\lib\site-packages\starlette\middleware\gzip.py", line 126, in __call__
    await super().__call__(scope, receive, send)
  File "C:\Users\thibl\AppData\Local\Programs\Python\Python39\lib\site-packages\starlette\middleware\gzip.py", line 46, in __call__
    await self.app(scope, receive, self.send_with_compression)
  File "C:\Users\thibl\AppData\Local\Programs\Python\Python39\lib\site-packages\starlette\middleware\exceptions.py", line 62, in __call__
    await wrap_app_handling_exceptions(self.app, conn)(scope, receive, send)
  File "C:\Users\thibl\AppData\Local\Programs\Python\Python39\lib\site-packages\starlette\_exception_handler.py", line 53, in wrapped_app
    raise exc
  File "C:\Users\thibl\AppData\Local\Programs\Python\Python39\lib\site-packages\starlette\_exception_handler.py", line 42, in wrapped_app
    await app(scope, receive, sender)
  File "C:\Users\thibl\AppData\Local\Programs\Python\Python39\lib\site-packages\starlette\routing.py", line 714, in __call__
    await self.middleware_stack(scope, receive, send)
  File "C:\Users\thibl\AppData\Local\Programs\Python\Python39\lib\site-packages\starlette\routing.py", line 734, in app
    await route.handle(scope, receive, send)
  File "C:\Users\thibl\AppData\Local\Programs\Python\Python39\lib\site-packages\starlette\routing.py", line 288, in handle
    await self.app(scope, receive, send)
  File "C:\Users\thibl\AppData\Local\Programs\Python\Python39\lib\site-packages\starlette\routing.py", line 76, in app
    await wrap_app_handling_exceptions(app, request)(scope, receive, send)
  File "C:\Users\thibl\AppData\Local\Programs\Python\Python39\lib\site-packages\starlette\_exception_handler.py", line 53, in wrapped_app
    raise exc
  File "C:\Users\thibl\AppData\Local\Programs\Python\Python39\lib\site-packages\starlette\_exception_handler.py", line 42, in wrapped_app
    await app(scope, receive, sender)
  File "C:\Users\thibl\AppData\Local\Programs\Python\Python39\lib\site-packages\starlette\routing.py", line 73, in app
    response = await f(request)
  File "C:\Users\thibl\AppData\Local\Programs\Python\Python39\lib\site-packages\fastapi\routing.py", line 301, in app
    raw_response = await run_endpoint_function(
  File "C:\Users\thibl\AppData\Local\Programs\Python\Python39\lib\site-packages\fastapi\routing.py", line 212, in run_endpoint_function
    return await dependant.call(**values)
  File "C:\Users\thibl\AppData\Local\Programs\Python\Python39\lib\site-packages\nicegui\page.py", line 120, in decorated
    result = func(*dec_args, **dec_kwargs)
  File "C:\Users\thibl\Downloads\bitcoin_scalper-main\app\main.py", line 84, in main
    control_panel = ControlPanel(
  File "C:\Users\thibl\Downloads\bitcoin_scalper-main\app\ui\components.py", line 97, in __init__
    self.strategy_select = ui.select(
  File "C:\Users\thibl\AppData\Local\Programs\Python\Python39\lib\site-packages\nicegui\elements\select.py", line 64, in __init__
    super().__init__(label=label, options=options, value=value, on_change=on_change, validation=validation)
  File "C:\Users\thibl\AppData\Local\Programs\Python\Python39\lib\site-packages\nicegui\elements\mixins\label_element.py", line 14, in __init__
    super().__init__(**kwargs)
  File "C:\Users\thibl\AppData\Local\Programs\Python\Python39\lib\site-packages\nicegui\elements\mixins\validation_element.py", line 18, in __init__
    super().__init__(**kwargs)
  File "C:\Users\thibl\AppData\Local\Programs\Python\Python39\lib\site-packages\nicegui\elements\choice_element.py", line 20, in __init__
    raise ValueError(f'Invalid value: {value}')
ValueError: Invalid value: MACD
2025-05-17 13:43:17,336 - nicegui - ERROR - Invalid value: MACD
  + Exception Group Traceback (most recent call last):
  |   File "C:\Users\thibl\AppData\Local\Programs\Python\Python39\lib\site-packages\starlette\_utils.py", line 76, in collapse_excgroups
  |     yield
  |   File "C:\Users\thibl\AppData\Local\Programs\Python\Python39\lib\site-packages\starlette\middleware\base.py", line 181, in __call__
  |     recv_stream.close()
  |   File "C:\Users\thibl\AppData\Local\Programs\Python\Python39\lib\site-packages\anyio\_backends\_asyncio.py", line 772, in __aexit__
  |     raise BaseExceptionGroup(
  | exceptiongroup.ExceptionGroup: unhandled errors in a TaskGroup (1 sub-exception)
  +-+---------------- 1 ----------------
    | Traceback (most recent call last):
    |   File "C:\Users\thibl\AppData\Local\Programs\Python\Python39\lib\site-packages\starlette\middleware\errors.py", line 165, in __call__
    |     await self.app(scope, receive, _send)
    |   File "C:\Users\thibl\AppData\Local\Programs\Python\Python39\lib\site-packages\starlette\middleware\base.py", line 181, in __call__
    |     recv_stream.close()
    |   File "C:\Users\thibl\AppData\Local\Programs\Python\Python39\lib\contextlib.py", line 135, in __exit__
    |     self.gen.throw(type, value, traceback)
    |   File "C:\Users\thibl\AppData\Local\Programs\Python\Python39\lib\site-packages\starlette\_utils.py", line 82, in collapse_excgroups
    |     raise exc
    |   File "C:\Users\thibl\AppData\Local\Programs\Python\Python39\lib\site-packages\starlette\middleware\base.py", line 178, in __call__
    |     response = await self.dispatch_func(request, call_next)
    |   File "C:\Users\thibl\AppData\Local\Programs\Python\Python39\lib\site-packages\nicegui\middlewares.py", line 10, in dispatch
    |     response = await call_next(request)
    |   File "C:\Users\thibl\AppData\Local\Programs\Python\Python39\lib\site-packages\starlette\middleware\base.py", line 156, in call_next
    |     raise app_exc
    |   File "C:\Users\thibl\AppData\Local\Programs\Python\Python39\lib\site-packages\starlette\middleware\base.py", line 141, in coro
    |     await self.app(scope, receive_or_disconnect, send_no_error)
    |   File "C:\Users\thibl\AppData\Local\Programs\Python\Python39\lib\site-packages\starlette\middleware\gzip.py", line 29, in __call__
    |     await responder(scope, receive, send)
    |   File "C:\Users\thibl\AppData\Local\Programs\Python\Python39\lib\site-packages\starlette\middleware\gzip.py", line 126, in __call__
    |     await super().__call__(scope, receive, send)
    |   File "C:\Users\thibl\AppData\Local\Programs\Python\Python39\lib\site-packages\starlette\middleware\gzip.py", line 46, in __call__
    |     await self.app(scope, receive, self.send_with_compression)
    |   File "C:\Users\thibl\AppData\Local\Programs\Python\Python39\lib\site-packages\starlette\middleware\exceptions.py", line 62, in __call__
    |     await wrap_app_handling_exceptions(self.app, conn)(scope, receive, send)
    |   File "C:\Users\thibl\AppData\Local\Programs\Python\Python39\lib\site-packages\starlette\_exception_handler.py", line 53, in wrapped_app
    |     raise exc
    |   File "C:\Users\thibl\AppData\Local\Programs\Python\Python39\lib\site-packages\starlette\_exception_handler.py", line 42, in wrapped_app
    |     await app(scope, receive, sender)
    |   File "C:\Users\thibl\AppData\Local\Programs\Python\Python39\lib\site-packages\starlette\routing.py", line 714, in __call__
    |     await self.middleware_stack(scope, receive, send)
    |   File "C:\Users\thibl\AppData\Local\Programs\Python\Python39\lib\site-packages\starlette\routing.py", line 734, in app
    |     await route.handle(scope, receive, send)
    |   File "C:\Users\thibl\AppData\Local\Programs\Python\Python39\lib\site-packages\starlette\routing.py", line 288, in handle
    |     await self.app(scope, receive, send)
    |   File "C:\Users\thibl\AppData\Local\Programs\Python\Python39\lib\site-packages\starlette\routing.py", line 76, in app
    |     await wrap_app_handling_exceptions(app, request)(scope, receive, send)
    |   File "C:\Users\thibl\AppData\Local\Programs\Python\Python39\lib\site-packages\starlette\_exception_handler.py", line 53, in wrapped_app
    |     raise exc
    |   File "C:\Users\thibl\AppData\Local\Programs\Python\Python39\lib\site-packages\starlette\_exception_handler.py", line 42, in wrapped_app
    |     await app(scope, receive, sender)
    |   File "C:\Users\thibl\AppData\Local\Programs\Python\Python39\lib\site-packages\starlette\routing.py", line 73, in app
    |     response = await f(request)
    |   File "C:\Users\thibl\AppData\Local\Programs\Python\Python39\lib\site-packages\fastapi\routing.py", line 301, in app
    |     raw_response = await run_endpoint_function(
    |   File "C:\Users\thibl\AppData\Local\Programs\Python\Python39\lib\site-packages\fastapi\routing.py", line 212, in run_endpoint_function
    |     return await dependant.call(**values)
    |   File "C:\Users\thibl\AppData\Local\Programs\Python\Python39\lib\site-packages\nicegui\page.py", line 120, in decorated
    |     result = func(*dec_args, **dec_kwargs)
    |   File "C:\Users\thibl\Downloads\bitcoin_scalper-main\app\main.py", line 84, in main
    |     control_panel = ControlPanel(
    |   File "C:\Users\thibl\Downloads\bitcoin_scalper-main\app\ui\components.py", line 97, in __init__
    |     self.strategy_select = ui.select(
    |   File "C:\Users\thibl\AppData\Local\Programs\Python\Python39\lib\site-packages\nicegui\elements\select.py", line 64, in __init__
    |     super().__init__(label=label, options=options, value=value, on_change=on_change, validation=validation)
    |   File "C:\Users\thibl\AppData\Local\Programs\Python\Python39\lib\site-packages\nicegui\elements\mixins\label_element.py", line 14, in __init__
    |     super().__init__(**kwargs)
    |   File "C:\Users\thibl\AppData\Local\Programs\Python\Python39\lib\site-packages\nicegui\elements\mixins\validation_element.py", line 18, in __init__
    |     super().__init__(**kwargs)
    |   File "C:\Users\thibl\AppData\Local\Programs\Python\Python39\lib\site-packages\nicegui\elements\choice_element.py", line 20, in __init__
    |     raise ValueError(f'Invalid value: {value}')
    | ValueError: Invalid value: MACD
    +------------------------------------

During handling of the above exception, another exception occurred:

Traceback (most recent call last):
  File "C:\Users\thibl\AppData\Local\Programs\Python\Python39\lib\site-packages\starlette\middleware\errors.py", line 165, in __call__
    await self.app(scope, receive, _send)
  File "C:\Users\thibl\AppData\Local\Programs\Python\Python39\lib\site-packages\starlette\middleware\base.py", line 181, in __call__
    recv_stream.close()
  File "C:\Users\thibl\AppData\Local\Programs\Python\Python39\lib\contextlib.py", line 135, in __exit__
    self.gen.throw(type, value, traceback)
  File "C:\Users\thibl\AppData\Local\Programs\Python\Python39\lib\site-packages\starlette\_utils.py", line 82, in collapse_excgroups
    raise exc
  File "C:\Users\thibl\AppData\Local\Programs\Python\Python39\lib\site-packages\starlette\middleware\base.py", line 178, in __call__
    response = await self.dispatch_func(request, call_next)
  File "C:\Users\thibl\AppData\Local\Programs\Python\Python39\lib\site-packages\nicegui\middlewares.py", line 10, in dispatch
    response = await call_next(request)
  File "C:\Users\thibl\AppData\Local\Programs\Python\Python39\lib\site-packages\starlette\middleware\base.py", line 156, in call_next
    raise app_exc
  File "C:\Users\thibl\AppData\Local\Programs\Python\Python39\lib\site-packages\starlette\middleware\base.py", line 141, in coro
    await self.app(scope, receive_or_disconnect, send_no_error)
  File "C:\Users\thibl\AppData\Local\Programs\Python\Python39\lib\site-packages\starlette\middleware\gzip.py", line 29, in __call__
    await responder(scope, receive, send)
  File "C:\Users\thibl\AppData\Local\Programs\Python\Python39\lib\site-packages\starlette\middleware\gzip.py", line 126, in __call__
    await super().__call__(scope, receive, send)
  File "C:\Users\thibl\AppData\Local\Programs\Python\Python39\lib\site-packages\starlette\middleware\gzip.py", line 46, in __call__
    await self.app(scope, receive, self.send_with_compression)
  File "C:\Users\thibl\AppData\Local\Programs\Python\Python39\lib\site-packages\starlette\middleware\exceptions.py", line 62, in __call__
    await wrap_app_handling_exceptions(self.app, conn)(scope, receive, send)
  File "C:\Users\thibl\AppData\Local\Programs\Python\Python39\lib\site-packages\starlette\_exception_handler.py", line 53, in wrapped_app
    raise exc
  File "C:\Users\thibl\AppData\Local\Programs\Python\Python39\lib\site-packages\starlette\_exception_handler.py", line 42, in wrapped_app
    await app(scope, receive, sender)
  File "C:\Users\thibl\AppData\Local\Programs\Python\Python39\lib\site-packages\starlette\routing.py", line 714, in __call__
    await self.middleware_stack(scope, receive, send)
  File "C:\Users\thibl\AppData\Local\Programs\Python\Python39\lib\site-packages\starlette\routing.py", line 734, in app
    await route.handle(scope, receive, send)
  File "C:\Users\thibl\AppData\Local\Programs\Python\Python39\lib\site-packages\starlette\routing.py", line 288, in handle
    await self.app(scope, receive, send)
  File "C:\Users\thibl\AppData\Local\Programs\Python\Python39\lib\site-packages\starlette\routing.py", line 76, in app
    await wrap_app_handling_exceptions(app, request)(scope, receive, send)
  File "C:\Users\thibl\AppData\Local\Programs\Python\Python39\lib\site-packages\starlette\_exception_handler.py", line 53, in wrapped_app
    raise exc
  File "C:\Users\thibl\AppData\Local\Programs\Python\Python39\lib\site-packages\starlette\_exception_handler.py", line 42, in wrapped_app
    await app(scope, receive, sender)
  File "C:\Users\thibl\AppData\Local\Programs\Python\Python39\lib\site-packages\starlette\routing.py", line 73, in app
    response = await f(request)
  File "C:\Users\thibl\AppData\Local\Programs\Python\Python39\lib\site-packages\fastapi\routing.py", line 301, in app
    raw_response = await run_endpoint_function(
  File "C:\Users\thibl\AppData\Local\Programs\Python\Python39\lib\site-packages\fastapi\routing.py", line 212, in run_endpoint_function
    return await dependant.call(**values)
  File "C:\Users\thibl\AppData\Local\Programs\Python\Python39\lib\site-packages\nicegui\page.py", line 120, in decorated
    result = func(*dec_args, **dec_kwargs)
  File "C:\Users\thibl\Downloads\bitcoin_scalper-main\app\main.py", line 84, in main
    control_panel = ControlPanel(
  File "C:\Users\thibl\Downloads\bitcoin_scalper-main\app\ui\components.py", line 97, in __init__
    self.strategy_select = ui.select(
  File "C:\Users\thibl\AppData\Local\Programs\Python\Python39\lib\site-packages\nicegui\elements\select.py", line 64, in __init__
    super().__init__(label=label, options=options, value=value, on_change=on_change, validation=validation)
  File "C:\Users\thibl\AppData\Local\Programs\Python\Python39\lib\site-packages\nicegui\elements\mixins\label_element.py", line 14, in __init__
    super().__init__(**kwargs)
  File "C:\Users\thibl\AppData\Local\Programs\Python\Python39\lib\site-packages\nicegui\elements\mixins\validation_element.py", line 18, in __init__
    super().__init__(**kwargs)
  File "C:\Users\thibl\AppData\Local\Programs\Python\Python39\lib\site-packages\nicegui\elements\choice_element.py", line 20, in __init__
    raise ValueError(f'Invalid value: {value}')
ValueError: Invalid value: MACD
2025-05-17 14:03:27,507 - nicegui - ERROR - Invalid value: MACD
  + Exception Group Traceback (most recent call last):
  |   File "C:\Users\thibl\AppData\Local\Programs\Python\Python39\lib\site-packages\starlette\_utils.py", line 76, in collapse_excgroups
  |     yield
  |   File "C:\Users\thibl\AppData\Local\Programs\Python\Python39\lib\site-packages\starlette\middleware\base.py", line 181, in __call__
  |     recv_stream.close()
  |   File "C:\Users\thibl\AppData\Local\Programs\Python\Python39\lib\site-packages\anyio\_backends\_asyncio.py", line 772, in __aexit__
  |     raise BaseExceptionGroup(
  | exceptiongroup.ExceptionGroup: unhandled errors in a TaskGroup (1 sub-exception)
  +-+---------------- 1 ----------------
    | Traceback (most recent call last):
    |   File "C:\Users\thibl\AppData\Local\Programs\Python\Python39\lib\site-packages\starlette\middleware\errors.py", line 165, in __call__
    |     await self.app(scope, receive, _send)
    |   File "C:\Users\thibl\AppData\Local\Programs\Python\Python39\lib\site-packages\starlette\middleware\base.py", line 181, in __call__
    |     recv_stream.close()
    |   File "C:\Users\thibl\AppData\Local\Programs\Python\Python39\lib\contextlib.py", line 135, in __exit__
    |     self.gen.throw(type, value, traceback)
    |   File "C:\Users\thibl\AppData\Local\Programs\Python\Python39\lib\site-packages\starlette\_utils.py", line 82, in collapse_excgroups
    |     raise exc
    |   File "C:\Users\thibl\AppData\Local\Programs\Python\Python39\lib\site-packages\starlette\middleware\base.py", line 178, in __call__
    |     response = await self.dispatch_func(request, call_next)
    |   File "C:\Users\thibl\AppData\Local\Programs\Python\Python39\lib\site-packages\nicegui\middlewares.py", line 10, in dispatch
    |     response = await call_next(request)
    |   File "C:\Users\thibl\AppData\Local\Programs\Python\Python39\lib\site-packages\starlette\middleware\base.py", line 156, in call_next
    |     raise app_exc
    |   File "C:\Users\thibl\AppData\Local\Programs\Python\Python39\lib\site-packages\starlette\middleware\base.py", line 141, in coro
    |     await self.app(scope, receive_or_disconnect, send_no_error)
    |   File "C:\Users\thibl\AppData\Local\Programs\Python\Python39\lib\site-packages\starlette\middleware\gzip.py", line 29, in __call__
    |     await responder(scope, receive, send)
    |   File "C:\Users\thibl\AppData\Local\Programs\Python\Python39\lib\site-packages\starlette\middleware\gzip.py", line 126, in __call__
    |     await super().__call__(scope, receive, send)
    |   File "C:\Users\thibl\AppData\Local\Programs\Python\Python39\lib\site-packages\starlette\middleware\gzip.py", line 46, in __call__
    |     await self.app(scope, receive, self.send_with_compression)
    |   File "C:\Users\thibl\AppData\Local\Programs\Python\Python39\lib\site-packages\starlette\middleware\exceptions.py", line 62, in __call__
    |     await wrap_app_handling_exceptions(self.app, conn)(scope, receive, send)
    |   File "C:\Users\thibl\AppData\Local\Programs\Python\Python39\lib\site-packages\starlette\_exception_handler.py", line 53, in wrapped_app
    |     raise exc
    |   File "C:\Users\thibl\AppData\Local\Programs\Python\Python39\lib\site-packages\starlette\_exception_handler.py", line 42, in wrapped_app
    |     await app(scope, receive, sender)
    |   File "C:\Users\thibl\AppData\Local\Programs\Python\Python39\lib\site-packages\starlette\routing.py", line 714, in __call__
    |     await self.middleware_stack(scope, receive, send)
    |   File "C:\Users\thibl\AppData\Local\Programs\Python\Python39\lib\site-packages\starlette\routing.py", line 734, in app
    |     await route.handle(scope, receive, send)
    |   File "C:\Users\thibl\AppData\Local\Programs\Python\Python39\lib\site-packages\starlette\routing.py", line 288, in handle
    |     await self.app(scope, receive, send)
    |   File "C:\Users\thibl\AppData\Local\Programs\Python\Python39\lib\site-packages\starlette\routing.py", line 76, in app
    |     await wrap_app_handling_exceptions(app, request)(scope, receive, send)
    |   File "C:\Users\thibl\AppData\Local\Programs\Python\Python39\lib\site-packages\starlette\_exception_handler.py", line 53, in wrapped_app
    |     raise exc
    |   File "C:\Users\thibl\AppData\Local\Programs\Python\Python39\lib\site-packages\starlette\_exception_handler.py", line 42, in wrapped_app
    |     await app(scope, receive, sender)
    |   File "C:\Users\thibl\AppData\Local\Programs\Python\Python39\lib\site-packages\starlette\routing.py", line 73, in app
    |     response = await f(request)
    |   File "C:\Users\thibl\AppData\Local\Programs\Python\Python39\lib\site-packages\fastapi\routing.py", line 301, in app
    |     raw_response = await run_endpoint_function(
    |   File "C:\Users\thibl\AppData\Local\Programs\Python\Python39\lib\site-packages\fastapi\routing.py", line 212, in run_endpoint_function
    |     return await dependant.call(**values)
    |   File "C:\Users\thibl\AppData\Local\Programs\Python\Python39\lib\site-packages\nicegui\page.py", line 120, in decorated
    |     result = func(*dec_args, **dec_kwargs)
    |   File "C:\Users\thibl\Downloads\bitcoin_scalper-main\app\main.py", line 84, in main
    |     control_panel = ControlPanel(
    |   File "C:\Users\thibl\Downloads\bitcoin_scalper-main\app\ui\components.py", line 97, in __init__
    |     self.strategy_select = ui.select(
    |   File "C:\Users\thibl\AppData\Local\Programs\Python\Python39\lib\site-packages\nicegui\elements\select.py", line 64, in __init__
    |     super().__init__(label=label, options=options, value=value, on_change=on_change, validation=validation)
    |   File "C:\Users\thibl\AppData\Local\Programs\Python\Python39\lib\site-packages\nicegui\elements\mixins\label_element.py", line 14, in __init__
    |     super().__init__(**kwargs)
    |   File "C:\Users\thibl\AppData\Local\Programs\Python\Python39\lib\site-packages\nicegui\elements\mixins\validation_element.py", line 18, in __init__
    |     super().__init__(**kwargs)
    |   File "C:\Users\thibl\AppData\Local\Programs\Python\Python39\lib\site-packages\nicegui\elements\choice_element.py", line 20, in __init__
    |     raise ValueError(f'Invalid value: {value}')
    | ValueError: Invalid value: MACD
    +------------------------------------

During handling of the above exception, another exception occurred:

Traceback (most recent call last):
  File "C:\Users\thibl\AppData\Local\Programs\Python\Python39\lib\site-packages\starlette\middleware\errors.py", line 165, in __call__
    await self.app(scope, receive, _send)
  File "C:\Users\thibl\AppData\Local\Programs\Python\Python39\lib\site-packages\starlette\middleware\base.py", line 181, in __call__
    recv_stream.close()
  File "C:\Users\thibl\AppData\Local\Programs\Python\Python39\lib\contextlib.py", line 135, in __exit__
    self.gen.throw(type, value, traceback)
  File "C:\Users\thibl\AppData\Local\Programs\Python\Python39\lib\site-packages\starlette\_utils.py", line 82, in collapse_excgroups
    raise exc
  File "C:\Users\thibl\AppData\Local\Programs\Python\Python39\lib\site-packages\starlette\middleware\base.py", line 178, in __call__
    response = await self.dispatch_func(request, call_next)
  File "C:\Users\thibl\AppData\Local\Programs\Python\Python39\lib\site-packages\nicegui\middlewares.py", line 10, in dispatch
    response = await call_next(request)
  File "C:\Users\thibl\AppData\Local\Programs\Python\Python39\lib\site-packages\starlette\middleware\base.py", line 156, in call_next
    raise app_exc
  File "C:\Users\thibl\AppData\Local\Programs\Python\Python39\lib\site-packages\starlette\middleware\base.py", line 141, in coro
    await self.app(scope, receive_or_disconnect, send_no_error)
  File "C:\Users\thibl\AppData\Local\Programs\Python\Python39\lib\site-packages\starlette\middleware\gzip.py", line 29, in __call__
    await responder(scope, receive, send)
  File "C:\Users\thibl\AppData\Local\Programs\Python\Python39\lib\site-packages\starlette\middleware\gzip.py", line 126, in __call__
    await super().__call__(scope, receive, send)
  File "C:\Users\thibl\AppData\Local\Programs\Python\Python39\lib\site-packages\starlette\middleware\gzip.py", line 46, in __call__
    await self.app(scope, receive, self.send_with_compression)
  File "C:\Users\thibl\AppData\Local\Programs\Python\Python39\lib\site-packages\starlette\middleware\exceptions.py", line 62, in __call__
    await wrap_app_handling_exceptions(self.app, conn)(scope, receive, send)
  File "C:\Users\thibl\AppData\Local\Programs\Python\Python39\lib\site-packages\starlette\_exception_handler.py", line 53, in wrapped_app
    raise exc
  File "C:\Users\thibl\AppData\Local\Programs\Python\Python39\lib\site-packages\starlette\_exception_handler.py", line 42, in wrapped_app
    await app(scope, receive, sender)
  File "C:\Users\thibl\AppData\Local\Programs\Python\Python39\lib\site-packages\starlette\routing.py", line 714, in __call__
    await self.middleware_stack(scope, receive, send)
  File "C:\Users\thibl\AppData\Local\Programs\Python\Python39\lib\site-packages\starlette\routing.py", line 734, in app
    await route.handle(scope, receive, send)
  File "C:\Users\thibl\AppData\Local\Programs\Python\Python39\lib\site-packages\starlette\routing.py", line 288, in handle
    await self.app(scope, receive, send)
  File "C:\Users\thibl\AppData\Local\Programs\Python\Python39\lib\site-packages\starlette\routing.py", line 76, in app
    await wrap_app_handling_exceptions(app, request)(scope, receive, send)
  File "C:\Users\thibl\AppData\Local\Programs\Python\Python39\lib\site-packages\starlette\_exception_handler.py", line 53, in wrapped_app
    raise exc
  File "C:\Users\thibl\AppData\Local\Programs\Python\Python39\lib\site-packages\starlette\_exception_handler.py", line 42, in wrapped_app
    await app(scope, receive, sender)
  File "C:\Users\thibl\AppData\Local\Programs\Python\Python39\lib\site-packages\starlette\routing.py", line 73, in app
    response = await f(request)
  File "C:\Users\thibl\AppData\Local\Programs\Python\Python39\lib\site-packages\fastapi\routing.py", line 301, in app
    raw_response = await run_endpoint_function(
  File "C:\Users\thibl\AppData\Local\Programs\Python\Python39\lib\site-packages\fastapi\routing.py", line 212, in run_endpoint_function
    return await dependant.call(**values)
  File "C:\Users\thibl\AppData\Local\Programs\Python\Python39\lib\site-packages\nicegui\page.py", line 120, in decorated
    result = func(*dec_args, **dec_kwargs)
  File "C:\Users\thibl\Downloads\bitcoin_scalper-main\app\main.py", line 84, in main
    control_panel = ControlPanel(
  File "C:\Users\thibl\Downloads\bitcoin_scalper-main\app\ui\components.py", line 97, in __init__
    self.strategy_select = ui.select(
  File "C:\Users\thibl\AppData\Local\Programs\Python\Python39\lib\site-packages\nicegui\elements\select.py", line 64, in __init__
    super().__init__(label=label, options=options, value=value, on_change=on_change, validation=validation)
  File "C:\Users\thibl\AppData\Local\Programs\Python\Python39\lib\site-packages\nicegui\elements\mixins\label_element.py", line 14, in __init__
    super().__init__(**kwargs)
  File "C:\Users\thibl\AppData\Local\Programs\Python\Python39\lib\site-packages\nicegui\elements\mixins\validation_element.py", line 18, in __init__
    super().__init__(**kwargs)
  File "C:\Users\thibl\AppData\Local\Programs\Python\Python39\lib\site-packages\nicegui\elements\choice_element.py", line 20, in __init__
    raise ValueError(f'Invalid value: {value}')
ValueError: Invalid value: MACD
2025-05-17 14:03:58,904 - nicegui - WARNING - binding propagation for 0 active links took 0.014 s
2025-05-17 14:27:39,641 - watchfiles.main - DEBUG - 1 change detected: {(<Change.modified: 2>, 'C:\\Users\\thibl\\Downloads\\bitcoin_scalper-main\\.git\\FETCH_HEAD')}
2025-05-17 14:27:42,604 - watchfiles.main - DEBUG - 55 changes detected: {(<Change.added: 1>, 'C:\\Users\\thibl\\Downloads\\bitcoin_scalper-main\\.git\\refs\\remotes\\origin\\main.lock'), (<Change.added: 1>, 'C:\\Users\\thibl\\Downloads\\bitcoin_scalper-main\\.git\\objects\\5f\\56488fa4cfcd24e08efb4fb579b70cb4252dcc'), (<Change.added: 1>, 'C:\\Users\\thibl\\Downloads\\bitcoin_scalper-main\\.git\\refs\\heads\\main'), (<Change.deleted: 3>, 'C:\\Users\\thibl\\Downloads\\bitcoin_scalper-main\\app\\ui\\components.py'), (<Change.deleted: 3>, 'C:\\Users\\thibl\\Downloads\\bitcoin_scalper-main\\.git\\objects\\maintenance.lock'), (<Change.deleted: 3>, 'C:\\Users\\thibl\\Downloads\\bitcoin_scalper-main\\.git\\AUTO_MERGE.lock'), (<Change.added: 1>, 'C:\\Users\\thibl\\Downloads\\bitcoin_scalper-main\\.git\\index.lock'), (<Change.deleted: 3>, 'C:\\Users\\thibl\\Downloads\\bitcoin_scalper-main\\.git\\refs\\remotes\\origin\\main'), (<Change.modified: 2>, 'C:\\Users\\thibl\\Downloads\\bitcoin_scalper-main\\.git\\logs\\refs\\remotes\\origin\\main'), (<Change.added: 1>, 'C:\\Users\\thibl\\Downloads\\bitcoin_scalper-main\\.git\\HEAD.lock'), (<Change.deleted: 3>, 'C:\\Users\\thibl\\Downloads\\bitcoin_scalper-main\\.git\\refs\\remotes\\origin\\main.lock'), (<Change.added: 1>, 'C:\\Users\\thibl\\Downloads\\bitcoin_scalper-main\\.git\\packed-refs.lock'), (<Change.modified: 2>, 'C:\\Users\\thibl\\Downloads\\bitcoin_scalper-main\\.git\\objects'), (<Change.deleted: 3>, 'C:\\Users\\thibl\\Downloads\\bitcoin_scalper-main\\.git\\refs\\heads\\main'), (<Change.added: 1>, 'C:\\Users\\thibl\\Downloads\\bitcoin_scalper-main\\.git\\objects\\20\\4853cb6b8bc6215bc42452540c9a257013e587'), (<Change.added: 1>, 'C:\\Users\\thibl\\Downloads\\bitcoin_scalper-main\\.git\\objects\\d7\\tmp_obj_gR7Nmm'), (<Change.deleted: 3>, 'C:\\Users\\thibl\\Downloads\\bitcoin_scalper-main\\.git\\index.lock'), (<Change.modified: 2>, 'C:\\Users\\thibl\\Downloads\\bitcoin_scalper-main\\.git\\logs\\refs\\heads\\main'), (<Change.modified: 2>, 'C:\\Users\\thibl\\Downloads\\bitcoin_scalper-main\\.git'), (<Change.added: 1>, 'C:\\Users\\thibl\\Downloads\\bitcoin_scalper-main\\.git\\objects\\44\\605f64ed9e132802312beef02d1ced873f53f7'), (<Change.deleted: 3>, 'C:\\Users\\thibl\\Downloads\\bitcoin_scalper-main\\.git\\HEAD.lock'), (<Change.modified: 2>, 'C:\\Users\\thibl\\Downloads\\bitcoin_scalper-main\\.git\\objects\\20'), (<Change.added: 1>, 'C:\\Users\\thibl\\Downloads\\bitcoin_scalper-main\\.git\\index'), (<Change.modified: 2>, 'C:\\Users\\thibl\\Downloads\\bitcoin_scalper-main\\.git\\logs\\HEAD'), (<Change.deleted: 3>, 'C:\\Users\\thibl\\Downloads\\bitcoin_scalper-main\\.git\\packed-refs.lock'), (<Change.deleted: 3>, 'C:\\Users\\thibl\\Downloads\\bitcoin_scalper-main\\.git\\objects\\d7\\tmp_obj_gR7Nmm'), (<Change.modified: 2>, 'C:\\Users\\thibl\\Downloads\\bitcoin_scalper-main\\.git\\objects\\82'), (<Change.added: 1>, 'C:\\Users\\thibl\\Downloads\\bitcoin_scalper-main\\.git\\objects\\44\\tmp_obj_ttcUKx'), (<Change.added: 1>, 'C:\\Users\\thibl\\Downloads\\bitcoin_scalper-main\\.git\\objects\\d7\\9a8f53a1de7c18813a2882d23ba8c3c2b66451'), (<Change.added: 1>, 'C:\\Users\\thibl\\Downloads\\bitcoin_scalper-main\\.git\\objects\\5f\\tmp_obj_TpTa1A'), (<Change.added: 1>, 'C:\\Users\\thibl\\Downloads\\bitcoin_scalper-main\\.git\\refs\\heads\\main.lock'), (<Change.added: 1>, 'C:\\Users\\thibl\\Downloads\\bitcoin_scalper-main\\.git\\ORIG_HEAD'), (<Change.added: 1>, 'C:\\Users\\thibl\\Downloads\\bitcoin_scalper-main\\.git\\objects\\82\\44c8abd2c7fa6d56bea06722d966d5cb31d213'), (<Change.added: 1>, 'C:\\Users\\thibl\\Downloads\\bitcoin_scalper-main\\.git\\ORIG_HEAD.lock'), (<Change.deleted: 3>, 'C:\\Users\\thibl\\Downloads\\bitcoin_scalper-main\\.git\\index'), (<Change.modified: 2>, 'C:\\Users\\thibl\\Downloads\\bitcoin_scalper-main\\.git\\objects\\5f'), (<Change.deleted: 3>, 'C:\\Users\\thibl\\Downloads\\bitcoin_scalper-main\\.git\\objects\\5f\\tmp_obj_TpTa1A'), (<Change.deleted: 3>, 'C:\\Users\\thibl\\Downloads\\bitcoin_scalper-main\\.git\\objects\\44\\tmp_obj_ttcUKx'), (<Change.added: 1>, 'C:\\Users\\thibl\\Downloads\\bitcoin_scalper-main\\.git\\objects\\20\\tmp_obj_GIWIX9'), (<Change.deleted: 3>, 'C:\\Users\\thibl\\Downloads\\bitcoin_scalper-main\\.git\\ORIG_HEAD'), (<Change.deleted: 3>, 'C:\\Users\\thibl\\Downloads\\bitcoin_scalper-main\\.git\\refs\\heads\\main.lock'), (<Change.modified: 2>, 'C:\\Users\\thibl\\Downloads\\bitcoin_scalper-main\\.git\\FETCH_HEAD'), (<Change.modified: 2>, 'C:\\Users\\thibl\\Downloads\\bitcoin_scalper-main\\app\\ui'), (<Change.added: 1>, 'C:\\Users\\thibl\\Downloads\\bitcoin_scalper-main\\.git\\objects\\82\\tmp_obj_BGd5IW'), (<Change.modified: 2>, 'C:\\Users\\thibl\\Downloads\\bitcoin_scalper-main\\.git\\objects\\d7'), (<Change.deleted: 3>, 'C:\\Users\\thibl\\Downloads\\bitcoin_scalper-main\\.git\\ORIG_HEAD.lock'), (<Change.modified: 2>, 'C:\\Users\\thibl\\Downloads\\bitcoin_scalper-main\\.git\\objects\\44'), (<Change.deleted: 3>, 'C:\\Users\\thibl\\Downloads\\bitcoin_scalper-main\\.git\\objects\\20\\tmp_obj_GIWIX9'), (<Change.modified: 2>, 'C:\\Users\\thibl\\Downloads\\bitcoin_scalper-main\\.git\\refs\\remotes\\origin'), (<Change.added: 1>, 'C:\\Users\\thibl\\Downloads\\bitcoin_scalper-main\\.git\\objects\\maintenance.lock'), (<Change.added: 1>, 'C:\\Users\\thibl\\Downloads\\bitcoin_scalper-main\\app\\ui\\components.py'), (<Change.added: 1>, 'C:\\Users\\thibl\\Downloads\\bitcoin_scalper-main\\.git\\AUTO_MERGE.lock'), (<Change.deleted: 3>, 'C:\\Users\\thibl\\Downloads\\bitcoin_scalper-main\\.git\\objects\\82\\tmp_obj_BGd5IW'), (<Change.added: 1>, 'C:\\Users\\thibl\\Downloads\\bitcoin_scalper-main\\.git\\refs\\remotes\\origin\\main'), (<Change.modified: 2>, 'C:\\Users\\thibl\\Downloads\\bitcoin_scalper-main\\.git\\refs\\heads')}
2025-05-17 14:27:44,483 - watchfiles.main - DEBUG - 2 changes detected: {(<Change.modified: 2>, 'C:\\Users\\thibl\\Downloads\\bitcoin_scalper-main\\logs\\trading_bot.log'), (<Change.modified: 2>, 'C:\\Users\\thibl\\Downloads\\bitcoin_scalper-main\\.git\\objects')}
2025-05-17 14:27:44,913 - watchfiles.main - DEBUG - 1 change detected: {(<Change.modified: 2>, 'C:\\Users\\thibl\\Downloads\\bitcoin_scalper-main\\logs\\trading_bot.log')}
2025-05-17 14:27:45,276 - watchfiles.main - DEBUG - 1 change detected: {(<Change.modified: 2>, 'C:\\Users\\thibl\\Downloads\\bitcoin_scalper-main\\logs\\trading_bot.log')}
2025-05-17 14:27:45,686 - watchfiles.main - DEBUG - 1 change detected: {(<Change.modified: 2>, 'C:\\Users\\thibl\\Downloads\\bitcoin_scalper-main\\logs\\trading_bot.log')}
2025-05-17 14:27:46,150 - watchfiles.main - DEBUG - 1 change detected: {(<Change.modified: 2>, 'C:\\Users\\thibl\\Downloads\\bitcoin_scalper-main\\logs\\trading_bot.log')}
2025-05-17 14:27:46,507 - watchfiles.main - DEBUG - 1 change detected: {(<Change.modified: 2>, 'C:\\Users\\thibl\\Downloads\\bitcoin_scalper-main\\logs\\trading_bot.log')}
2025-05-17 14:27:46,910 - watchfiles.main - DEBUG - 1 change detected: {(<Change.modified: 2>, 'C:\\Users\\thibl\\Downloads\\bitcoin_scalper-main\\logs\\trading_bot.log')}
2025-05-17 14:27:47,238 - asyncio - DEBUG - Using selector: SelectSelector
2025-05-17 14:27:47,321 - watchfiles.main - DEBUG - 6 changes detected: {(<Change.deleted: 3>, 'C:\\Users\\thibl\\Downloads\\bitcoin_scalper-main\\app\\ui\\__pycache__\\components.cpython-39.pyc.3089738469712'), (<Change.modified: 2>, 'C:\\Users\\thibl\\Downloads\\bitcoin_scalper-main\\app\\ui\\__pycache__'), (<Change.added: 1>, 'C:\\Users\\thibl\\Downloads\\bitcoin_scalper-main\\app\\ui\\__pycache__\\components.cpython-39.pyc.3089738469712'), (<Change.deleted: 3>, 'C:\\Users\\thibl\\Downloads\\bitcoin_scalper-main\\app\\ui\\__pycache__\\components.cpython-39.pyc'), (<Change.modified: 2>, 'C:\\Users\\thibl\\Downloads\\bitcoin_scalper-main\\logs\\trading_bot.log'), (<Change.added: 1>, 'C:\\Users\\thibl\\Downloads\\bitcoin_scalper-main\\app\\ui\\__pycache__\\components.cpython-39.pyc')}
2025-05-17 14:27:47,467 - nicegui - ERROR - __init__() got an unexpected keyword argument 'label'
  + Exception Group Traceback (most recent call last):
  |   File "C:\Users\thibl\AppData\Local\Programs\Python\Python39\lib\site-packages\starlette\_utils.py", line 76, in collapse_excgroups
  |     yield
  |   File "C:\Users\thibl\AppData\Local\Programs\Python\Python39\lib\site-packages\starlette\middleware\base.py", line 181, in __call__
  |     recv_stream.close()
  |   File "C:\Users\thibl\AppData\Local\Programs\Python\Python39\lib\site-packages\anyio\_backends\_asyncio.py", line 772, in __aexit__
  |     raise BaseExceptionGroup(
  | exceptiongroup.ExceptionGroup: unhandled errors in a TaskGroup (1 sub-exception)
  +-+---------------- 1 ----------------
    | Traceback (most recent call last):
    |   File "C:\Users\thibl\AppData\Local\Programs\Python\Python39\lib\site-packages\starlette\middleware\errors.py", line 165, in __call__
    |     await self.app(scope, receive, _send)
    |   File "C:\Users\thibl\AppData\Local\Programs\Python\Python39\lib\site-packages\starlette\middleware\base.py", line 181, in __call__
    |     recv_stream.close()
    |   File "C:\Users\thibl\AppData\Local\Programs\Python\Python39\lib\contextlib.py", line 135, in __exit__
    |     self.gen.throw(type, value, traceback)
    |   File "C:\Users\thibl\AppData\Local\Programs\Python\Python39\lib\site-packages\starlette\_utils.py", line 82, in collapse_excgroups
    |     raise exc
    |   File "C:\Users\thibl\AppData\Local\Programs\Python\Python39\lib\site-packages\starlette\middleware\base.py", line 178, in __call__
    |     response = await self.dispatch_func(request, call_next)
    |   File "C:\Users\thibl\AppData\Local\Programs\Python\Python39\lib\site-packages\nicegui\middlewares.py", line 10, in dispatch
    |     response = await call_next(request)
    |   File "C:\Users\thibl\AppData\Local\Programs\Python\Python39\lib\site-packages\starlette\middleware\base.py", line 156, in call_next
    |     raise app_exc
    |   File "C:\Users\thibl\AppData\Local\Programs\Python\Python39\lib\site-packages\starlette\middleware\base.py", line 141, in coro
    |     await self.app(scope, receive_or_disconnect, send_no_error)
    |   File "C:\Users\thibl\AppData\Local\Programs\Python\Python39\lib\site-packages\starlette\middleware\gzip.py", line 29, in __call__
    |     await responder(scope, receive, send)
    |   File "C:\Users\thibl\AppData\Local\Programs\Python\Python39\lib\site-packages\starlette\middleware\gzip.py", line 126, in __call__
    |     await super().__call__(scope, receive, send)
    |   File "C:\Users\thibl\AppData\Local\Programs\Python\Python39\lib\site-packages\starlette\middleware\gzip.py", line 46, in __call__
    |     await self.app(scope, receive, self.send_with_compression)
    |   File "C:\Users\thibl\AppData\Local\Programs\Python\Python39\lib\site-packages\starlette\middleware\exceptions.py", line 62, in __call__
    |     await wrap_app_handling_exceptions(self.app, conn)(scope, receive, send)
    |   File "C:\Users\thibl\AppData\Local\Programs\Python\Python39\lib\site-packages\starlette\_exception_handler.py", line 53, in wrapped_app
    |     raise exc
    |   File "C:\Users\thibl\AppData\Local\Programs\Python\Python39\lib\site-packages\starlette\_exception_handler.py", line 42, in wrapped_app
    |     await app(scope, receive, sender)
    |   File "C:\Users\thibl\AppData\Local\Programs\Python\Python39\lib\site-packages\starlette\routing.py", line 714, in __call__
    |     await self.middleware_stack(scope, receive, send)
    |   File "C:\Users\thibl\AppData\Local\Programs\Python\Python39\lib\site-packages\starlette\routing.py", line 734, in app
    |     await route.handle(scope, receive, send)
    |   File "C:\Users\thibl\AppData\Local\Programs\Python\Python39\lib\site-packages\starlette\routing.py", line 288, in handle
    |     await self.app(scope, receive, send)
    |   File "C:\Users\thibl\AppData\Local\Programs\Python\Python39\lib\site-packages\starlette\routing.py", line 76, in app
    |     await wrap_app_handling_exceptions(app, request)(scope, receive, send)
    |   File "C:\Users\thibl\AppData\Local\Programs\Python\Python39\lib\site-packages\starlette\_exception_handler.py", line 53, in wrapped_app
    |     raise exc
    |   File "C:\Users\thibl\AppData\Local\Programs\Python\Python39\lib\site-packages\starlette\_exception_handler.py", line 42, in wrapped_app
    |     await app(scope, receive, sender)
    |   File "C:\Users\thibl\AppData\Local\Programs\Python\Python39\lib\site-packages\starlette\routing.py", line 73, in app
    |     response = await f(request)
    |   File "C:\Users\thibl\AppData\Local\Programs\Python\Python39\lib\site-packages\fastapi\routing.py", line 301, in app
    |     raw_response = await run_endpoint_function(
    |   File "C:\Users\thibl\AppData\Local\Programs\Python\Python39\lib\site-packages\fastapi\routing.py", line 212, in run_endpoint_function
    |     return await dependant.call(**values)
    |   File "C:\Users\thibl\AppData\Local\Programs\Python\Python39\lib\site-packages\nicegui\page.py", line 120, in decorated
    |     result = func(*dec_args, **dec_kwargs)
    |   File "C:\Users\thibl\Downloads\bitcoin_scalper-main\app\main.py", line 91, in main
    |     price_chart = PriceChart()
    |   File "C:\Users\thibl\Downloads\bitcoin_scalper-main\app\ui\components.py", line 53, in __init__
    |     self.zoom_slider = ui.slider(min=10, max=200, value=100, step=10, label='Zoom')
    | TypeError: __init__() got an unexpected keyword argument 'label'
    +------------------------------------

During handling of the above exception, another exception occurred:

Traceback (most recent call last):
  File "C:\Users\thibl\AppData\Local\Programs\Python\Python39\lib\site-packages\starlette\middleware\errors.py", line 165, in __call__
    await self.app(scope, receive, _send)
  File "C:\Users\thibl\AppData\Local\Programs\Python\Python39\lib\site-packages\starlette\middleware\base.py", line 181, in __call__
    recv_stream.close()
  File "C:\Users\thibl\AppData\Local\Programs\Python\Python39\lib\contextlib.py", line 135, in __exit__
    self.gen.throw(type, value, traceback)
  File "C:\Users\thibl\AppData\Local\Programs\Python\Python39\lib\site-packages\starlette\_utils.py", line 82, in collapse_excgroups
    raise exc
  File "C:\Users\thibl\AppData\Local\Programs\Python\Python39\lib\site-packages\starlette\middleware\base.py", line 178, in __call__
    response = await self.dispatch_func(request, call_next)
  File "C:\Users\thibl\AppData\Local\Programs\Python\Python39\lib\site-packages\nicegui\middlewares.py", line 10, in dispatch
    response = await call_next(request)
  File "C:\Users\thibl\AppData\Local\Programs\Python\Python39\lib\site-packages\starlette\middleware\base.py", line 156, in call_next
    raise app_exc
  File "C:\Users\thibl\AppData\Local\Programs\Python\Python39\lib\site-packages\starlette\middleware\base.py", line 141, in coro
    await self.app(scope, receive_or_disconnect, send_no_error)
  File "C:\Users\thibl\AppData\Local\Programs\Python\Python39\lib\site-packages\starlette\middleware\gzip.py", line 29, in __call__
    await responder(scope, receive, send)
  File "C:\Users\thibl\AppData\Local\Programs\Python\Python39\lib\site-packages\starlette\middleware\gzip.py", line 126, in __call__
    await super().__call__(scope, receive, send)
  File "C:\Users\thibl\AppData\Local\Programs\Python\Python39\lib\site-packages\starlette\middleware\gzip.py", line 46, in __call__
    await self.app(scope, receive, self.send_with_compression)
  File "C:\Users\thibl\AppData\Local\Programs\Python\Python39\lib\site-packages\starlette\middleware\exceptions.py", line 62, in __call__
    await wrap_app_handling_exceptions(self.app, conn)(scope, receive, send)
  File "C:\Users\thibl\AppData\Local\Programs\Python\Python39\lib\site-packages\starlette\_exception_handler.py", line 53, in wrapped_app
    raise exc
  File "C:\Users\thibl\AppData\Local\Programs\Python\Python39\lib\site-packages\starlette\_exception_handler.py", line 42, in wrapped_app
    await app(scope, receive, sender)
  File "C:\Users\thibl\AppData\Local\Programs\Python\Python39\lib\site-packages\starlette\routing.py", line 714, in __call__
    await self.middleware_stack(scope, receive, send)
  File "C:\Users\thibl\AppData\Local\Programs\Python\Python39\lib\site-packages\starlette\routing.py", line 734, in app
    await route.handle(scope, receive, send)
  File "C:\Users\thibl\AppData\Local\Programs\Python\Python39\lib\site-packages\starlette\routing.py", line 288, in handle
    await self.app(scope, receive, send)
  File "C:\Users\thibl\AppData\Local\Programs\Python\Python39\lib\site-packages\starlette\routing.py", line 76, in app
    await wrap_app_handling_exceptions(app, request)(scope, receive, send)
  File "C:\Users\thibl\AppData\Local\Programs\Python\Python39\lib\site-packages\starlette\_exception_handler.py", line 53, in wrapped_app
    raise exc
  File "C:\Users\thibl\AppData\Local\Programs\Python\Python39\lib\site-packages\starlette\_exception_handler.py", line 42, in wrapped_app
    await app(scope, receive, sender)
  File "C:\Users\thibl\AppData\Local\Programs\Python\Python39\lib\site-packages\starlette\routing.py", line 73, in app
    response = await f(request)
  File "C:\Users\thibl\AppData\Local\Programs\Python\Python39\lib\site-packages\fastapi\routing.py", line 301, in app
    raw_response = await run_endpoint_function(
  File "C:\Users\thibl\AppData\Local\Programs\Python\Python39\lib\site-packages\fastapi\routing.py", line 212, in run_endpoint_function
    return await dependant.call(**values)
  File "C:\Users\thibl\AppData\Local\Programs\Python\Python39\lib\site-packages\nicegui\page.py", line 120, in decorated
    result = func(*dec_args, **dec_kwargs)
  File "C:\Users\thibl\Downloads\bitcoin_scalper-main\app\main.py", line 91, in main
    price_chart = PriceChart()
  File "C:\Users\thibl\Downloads\bitcoin_scalper-main\app\ui\components.py", line 53, in __init__
    self.zoom_slider = ui.slider(min=10, max=200, value=100, step=10, label='Zoom')
TypeError: __init__() got an unexpected keyword argument 'label'
2025-05-17 14:27:47,725 - watchfiles.main - DEBUG - 1 change detected: {(<Change.modified: 2>, 'C:\\Users\\thibl\\Downloads\\bitcoin_scalper-main\\logs\\trading_bot.log')}
2025-05-17 14:27:48,137 - watchfiles.main - DEBUG - 1 change detected: {(<Change.modified: 2>, 'C:\\Users\\thibl\\Downloads\\bitcoin_scalper-main\\logs\\trading_bot.log')}
2025-05-17 14:27:48,526 - watchfiles.main - DEBUG - 1 change detected: {(<Change.modified: 2>, 'C:\\Users\\thibl\\Downloads\\bitcoin_scalper-main\\logs\\trading_bot.log')}
2025-05-17 14:27:48,937 - watchfiles.main - DEBUG - 1 change detected: {(<Change.modified: 2>, 'C:\\Users\\thibl\\Downloads\\bitcoin_scalper-main\\logs\\trading_bot.log')}
2025-05-17 14:27:49,306 - watchfiles.main - DEBUG - 1 change detected: {(<Change.modified: 2>, 'C:\\Users\\thibl\\Downloads\\bitcoin_scalper-main\\logs\\trading_bot.log')}
2025-05-17 14:27:49,762 - watchfiles.main - DEBUG - 1 change detected: {(<Change.modified: 2>, 'C:\\Users\\thibl\\Downloads\\bitcoin_scalper-main\\logs\\trading_bot.log')}
2025-05-17 14:27:50,175 - watchfiles.main - DEBUG - 1 change detected: {(<Change.modified: 2>, 'C:\\Users\\thibl\\Downloads\\bitcoin_scalper-main\\logs\\trading_bot.log')}
2025-05-17 14:27:50,584 - watchfiles.main - DEBUG - 1 change detected: {(<Change.modified: 2>, 'C:\\Users\\thibl\\Downloads\\bitcoin_scalper-main\\logs\\trading_bot.log')}
2025-05-17 14:27:51,001 - watchfiles.main - DEBUG - 1 change detected: {(<Change.modified: 2>, 'C:\\Users\\thibl\\Downloads\\bitcoin_scalper-main\\logs\\trading_bot.log')}
2025-05-17 14:27:51,418 - watchfiles.main - DEBUG - 1 change detected: {(<Change.modified: 2>, 'C:\\Users\\thibl\\Downloads\\bitcoin_scalper-main\\logs\\trading_bot.log')}
2025-05-17 14:27:51,878 - watchfiles.main - DEBUG - 1 change detected: {(<Change.modified: 2>, 'C:\\Users\\thibl\\Downloads\\bitcoin_scalper-main\\logs\\trading_bot.log')}
2025-05-17 14:27:52,320 - watchfiles.main - DEBUG - 1 change detected: {(<Change.modified: 2>, 'C:\\Users\\thibl\\Downloads\\bitcoin_scalper-main\\logs\\trading_bot.log')}
2025-05-17 14:27:52,741 - watchfiles.main - DEBUG - 1 change detected: {(<Change.modified: 2>, 'C:\\Users\\thibl\\Downloads\\bitcoin_scalper-main\\logs\\trading_bot.log')}
2025-05-17 14:27:53,145 - watchfiles.main - DEBUG - 1 change detected: {(<Change.modified: 2>, 'C:\\Users\\thibl\\Downloads\\bitcoin_scalper-main\\logs\\trading_bot.log')}
2025-05-17 14:27:53,599 - watchfiles.main - DEBUG - 1 change detected: {(<Change.modified: 2>, 'C:\\Users\\thibl\\Downloads\\bitcoin_scalper-main\\logs\\trading_bot.log')}
2025-05-17 14:27:53,954 - watchfiles.main - DEBUG - 1 change detected: {(<Change.modified: 2>, 'C:\\Users\\thibl\\Downloads\\bitcoin_scalper-main\\logs\\trading_bot.log')}
2025-05-17 14:27:54,400 - watchfiles.main - DEBUG - 1 change detected: {(<Change.modified: 2>, 'C:\\Users\\thibl\\Downloads\\bitcoin_scalper-main\\logs\\trading_bot.log')}
2025-05-17 14:27:54,813 - watchfiles.main - DEBUG - 1 change detected: {(<Change.modified: 2>, 'C:\\Users\\thibl\\Downloads\\bitcoin_scalper-main\\logs\\trading_bot.log')}
2025-05-17 14:27:55,234 - watchfiles.main - DEBUG - 1 change detected: {(<Change.modified: 2>, 'C:\\Users\\thibl\\Downloads\\bitcoin_scalper-main\\logs\\trading_bot.log')}
2025-05-17 14:27:55,648 - watchfiles.main - DEBUG - 1 change detected: {(<Change.modified: 2>, 'C:\\Users\\thibl\\Downloads\\bitcoin_scalper-main\\logs\\trading_bot.log')}
2025-05-17 14:27:56,102 - watchfiles.main - DEBUG - 1 change detected: {(<Change.modified: 2>, 'C:\\Users\\thibl\\Downloads\\bitcoin_scalper-main\\logs\\trading_bot.log')}
2025-05-17 14:27:56,460 - watchfiles.main - DEBUG - 1 change detected: {(<Change.modified: 2>, 'C:\\Users\\thibl\\Downloads\\bitcoin_scalper-main\\logs\\trading_bot.log')}
2025-05-17 14:27:56,866 - watchfiles.main - DEBUG - 1 change detected: {(<Change.modified: 2>, 'C:\\Users\\thibl\\Downloads\\bitcoin_scalper-main\\logs\\trading_bot.log')}
2025-05-17 14:27:57,280 - watchfiles.main - DEBUG - 1 change detected: {(<Change.modified: 2>, 'C:\\Users\\thibl\\Downloads\\bitcoin_scalper-main\\logs\\trading_bot.log')}
2025-05-17 14:27:57,698 - watchfiles.main - DEBUG - 1 change detected: {(<Change.modified: 2>, 'C:\\Users\\thibl\\Downloads\\bitcoin_scalper-main\\logs\\trading_bot.log')}
2025-05-17 14:27:58,116 - watchfiles.main - DEBUG - 1 change detected: {(<Change.modified: 2>, 'C:\\Users\\thibl\\Downloads\\bitcoin_scalper-main\\logs\\trading_bot.log')}
2025-05-17 14:27:58,545 - watchfiles.main - DEBUG - 1 change detected: {(<Change.modified: 2>, 'C:\\Users\\thibl\\Downloads\\bitcoin_scalper-main\\logs\\trading_bot.log')}
2025-05-17 14:27:58,899 - watchfiles.main - DEBUG - 1 change detected: {(<Change.modified: 2>, 'C:\\Users\\thibl\\Downloads\\bitcoin_scalper-main\\logs\\trading_bot.log')}
2025-05-17 14:27:59,319 - watchfiles.main - DEBUG - 1 change detected: {(<Change.modified: 2>, 'C:\\Users\\thibl\\Downloads\\bitcoin_scalper-main\\logs\\trading_bot.log')}
2025-05-17 14:27:59,723 - watchfiles.main - DEBUG - 1 change detected: {(<Change.modified: 2>, 'C:\\Users\\thibl\\Downloads\\bitcoin_scalper-main\\logs\\trading_bot.log')}
2025-05-17 14:28:00,134 - watchfiles.main - DEBUG - 1 change detected: {(<Change.modified: 2>, 'C:\\Users\\thibl\\Downloads\\bitcoin_scalper-main\\logs\\trading_bot.log')}
2025-05-17 14:28:00,550 - watchfiles.main - DEBUG - 1 change detected: {(<Change.modified: 2>, 'C:\\Users\\thibl\\Downloads\\bitcoin_scalper-main\\logs\\trading_bot.log')}
2025-05-17 14:28:00,968 - watchfiles.main - DEBUG - 1 change detected: {(<Change.modified: 2>, 'C:\\Users\\thibl\\Downloads\\bitcoin_scalper-main\\logs\\trading_bot.log')}
2025-05-17 14:28:01,428 - watchfiles.main - DEBUG - 1 change detected: {(<Change.modified: 2>, 'C:\\Users\\thibl\\Downloads\\bitcoin_scalper-main\\logs\\trading_bot.log')}
2025-05-17 14:28:01,846 - watchfiles.main - DEBUG - 1 change detected: {(<Change.modified: 2>, 'C:\\Users\\thibl\\Downloads\\bitcoin_scalper-main\\logs\\trading_bot.log')}
2025-05-17 14:28:02,322 - watchfiles.main - DEBUG - 1 change detected: {(<Change.modified: 2>, 'C:\\Users\\thibl\\Downloads\\bitcoin_scalper-main\\logs\\trading_bot.log')}
2025-05-17 14:28:02,753 - watchfiles.main - DEBUG - 1 change detected: {(<Change.modified: 2>, 'C:\\Users\\thibl\\Downloads\\bitcoin_scalper-main\\logs\\trading_bot.log')}
2025-05-17 14:28:03,208 - watchfiles.main - DEBUG - 1 change detected: {(<Change.modified: 2>, 'C:\\Users\\thibl\\Downloads\\bitcoin_scalper-main\\logs\\trading_bot.log')}
2025-05-17 14:28:03,677 - watchfiles.main - DEBUG - 1 change detected: {(<Change.modified: 2>, 'C:\\Users\\thibl\\Downloads\\bitcoin_scalper-main\\logs\\trading_bot.log')}
2025-05-17 14:28:04,085 - watchfiles.main - DEBUG - 1 change detected: {(<Change.modified: 2>, 'C:\\Users\\thibl\\Downloads\\bitcoin_scalper-main\\logs\\trading_bot.log')}
2025-05-17 14:28:04,547 - watchfiles.main - DEBUG - 1 change detected: {(<Change.modified: 2>, 'C:\\Users\\thibl\\Downloads\\bitcoin_scalper-main\\logs\\trading_bot.log')}
2025-05-17 14:28:04,915 - watchfiles.main - DEBUG - 1 change detected: {(<Change.modified: 2>, 'C:\\Users\\thibl\\Downloads\\bitcoin_scalper-main\\logs\\trading_bot.log')}
2025-05-17 14:28:05,327 - watchfiles.main - DEBUG - 1 change detected: {(<Change.modified: 2>, 'C:\\Users\\thibl\\Downloads\\bitcoin_scalper-main\\logs\\trading_bot.log')}
2025-05-17 14:28:05,745 - watchfiles.main - DEBUG - 1 change detected: {(<Change.modified: 2>, 'C:\\Users\\thibl\\Downloads\\bitcoin_scalper-main\\logs\\trading_bot.log')}
2025-05-17 14:28:06,150 - watchfiles.main - DEBUG - 1 change detected: {(<Change.modified: 2>, 'C:\\Users\\thibl\\Downloads\\bitcoin_scalper-main\\logs\\trading_bot.log')}
2025-05-17 14:28:06,560 - watchfiles.main - DEBUG - 1 change detected: {(<Change.modified: 2>, 'C:\\Users\\thibl\\Downloads\\bitcoin_scalper-main\\logs\\trading_bot.log')}
2025-05-17 14:28:07,027 - watchfiles.main - DEBUG - 11 changes detected: {(<Change.deleted: 3>, 'C:\\Users\\thibl\\Downloads\\bitcoin_scalper-main\\.git\\index.lock'), (<Change.modified: 2>, 'C:\\Users\\thibl\\Downloads\\bitcoin_scalper-main\\.git\\objects\\44\\605f64ed9e132802312beef02d1ced873f53f7'), (<Change.modified: 2>, 'C:\\Users\\thibl\\Downloads\\bitcoin_scalper-main\\.git'), (<Change.deleted: 3>, 'C:\\Users\\thibl\\Downloads\\bitcoin_scalper-main\\.git\\index'), (<Change.added: 1>, 'C:\\Users\\thibl\\Downloads\\bitcoin_scalper-main\\.git\\objects\\a3\\907c8fbec321fa863e6375475d5c1ddda105d2'), (<Change.added: 1>, 'C:\\Users\\thibl\\Downloads\\bitcoin_scalper-main\\.git\\index'), (<Change.deleted: 3>, 'C:\\Users\\thibl\\Downloads\\bitcoin_scalper-main\\.git\\objects\\a3\\tmp_obj_iTk43j'), (<Change.added: 1>, 'C:\\Users\\thibl\\Downloads\\bitcoin_scalper-main\\.git\\index.lock'), (<Change.modified: 2>, 'C:\\Users\\thibl\\Downloads\\bitcoin_scalper-main\\logs\\trading_bot.log'), (<Change.added: 1>, 'C:\\Users\\thibl\\Downloads\\bitcoin_scalper-main\\.git\\objects\\a3\\tmp_obj_iTk43j'), (<Change.modified: 2>, 'C:\\Users\\thibl\\Downloads\\bitcoin_scalper-main\\.git\\objects\\a3')}
2025-05-17 14:28:07,391 - watchfiles.main - DEBUG - 37 changes detected: {(<Change.deleted: 3>, 'C:\\Users\\thibl\\Downloads\\bitcoin_scalper-main\\.git\\objects\\d0\\tmp_obj_I3QV1c'), (<Change.added: 1>, 'C:\\Users\\thibl\\Downloads\\bitcoin_scalper-main\\.git\\refs\\heads\\main'), (<Change.deleted: 3>, 'C:\\Users\\thibl\\Downloads\\bitcoin_scalper-main\\.git\\objects\\maintenance.lock'), (<Change.deleted: 3>, 'C:\\Users\\thibl\\Downloads\\bitcoin_scalper-main\\.git\\AUTO_MERGE.lock'), (<Change.deleted: 3>, 'C:\\Users\\thibl\\Downloads\\bitcoin_scalper-main\\.git\\objects\\c4\\tmp_obj_91Uonv'), (<Change.added: 1>, 'C:\\Users\\thibl\\Downloads\\bitcoin_scalper-main\\.git\\index.lock'), (<Change.added: 1>, 'C:\\Users\\thibl\\Downloads\\bitcoin_scalper-main\\.git\\HEAD.lock'), (<Change.added: 1>, 'C:\\Users\\thibl\\Downloads\\bitcoin_scalper-main\\.git\\objects\\91\\tmp_obj_8k5IPQ'), (<Change.modified: 2>, 'C:\\Users\\thibl\\Downloads\\bitcoin_scalper-main\\.git\\objects\\82\\44c8abd2c7fa6d56bea06722d966d5cb31d213'), (<Change.added: 1>, 'C:\\Users\\thibl\\Downloads\\bitcoin_scalper-main\\.git\\packed-refs.lock'), (<Change.modified: 2>, 'C:\\Users\\thibl\\Downloads\\bitcoin_scalper-main\\.git\\objects'), (<Change.deleted: 3>, 'C:\\Users\\thibl\\Downloads\\bitcoin_scalper-main\\.git\\refs\\heads\\main'), (<Change.added: 1>, 'C:\\Users\\thibl\\Downloads\\bitcoin_scalper-main\\.git\\objects\\c4\\7be8fb4da6d7eb1fc3fb8c618a5e9ebbb5cd91'), (<Change.deleted: 3>, 'C:\\Users\\thibl\\Downloads\\bitcoin_scalper-main\\.git\\index.lock'), (<Change.modified: 2>, 'C:\\Users\\thibl\\Downloads\\bitcoin_scalper-main\\.git\\logs\\refs\\heads\\main'), (<Change.added: 1>, 'C:\\Users\\thibl\\Downloads\\bitcoin_scalper-main\\.git\\objects\\c4'), (<Change.modified: 2>, 'C:\\Users\\thibl\\Downloads\\bitcoin_scalper-main\\.git'), (<Change.deleted: 3>, 'C:\\Users\\thibl\\Downloads\\bitcoin_scalper-main\\.git\\HEAD.lock'), (<Change.added: 1>, 'C:\\Users\\thibl\\Downloads\\bitcoin_scalper-main\\.git\\index'), (<Change.modified: 2>, 'C:\\Users\\thibl\\Downloads\\bitcoin_scalper-main\\.git\\logs\\HEAD'), (<Change.deleted: 3>, 'C:\\Users\\thibl\\Downloads\\bitcoin_scalper-main\\.git\\packed-refs.lock'), (<Change.deleted: 3>, 'C:\\Users\\thibl\\Downloads\\bitcoin_scalper-main\\.git\\objects\\91\\tmp_obj_8k5IPQ'), (<Change.modified: 2>, 'C:\\Users\\thibl\\Downloads\\bitcoin_scalper-main\\logs\\trading_bot.log'), (<Change.added: 1>, 'C:\\Users\\thibl\\Downloads\\bitcoin_scalper-main\\.git\\refs\\heads\\main.lock'), (<Change.added: 1>, 'C:\\Users\\thibl\\Downloads\\bitcoin_scalper-main\\.git\\objects\\91\\ea6fe708e1e4f5840a46938f551b6290ae4e33'), (<Change.deleted: 3>, 'C:\\Users\\thibl\\Downloads\\bitcoin_scalper-main\\.git\\index'), (<Change.added: 1>, 'C:\\Users\\thibl\\Downloads\\bitcoin_scalper-main\\.git\\objects\\d0\\21aca3316cfc8267eadb0d602d633e9cea658d'), (<Change.modified: 2>, 'C:\\Users\\thibl\\Downloads\\bitcoin_scalper-main\\.git\\objects\\91'), (<Change.modified: 2>, 'C:\\Users\\thibl\\Downloads\\bitcoin_scalper-main\\.git\\objects\\d0'), (<Change.deleted: 3>, 'C:\\Users\\thibl\\Downloads\\bitcoin_scalper-main\\.git\\refs\\heads\\main.lock'), (<Change.modified: 2>, 'C:\\Users\\thibl\\Downloads\\bitcoin_scalper-main\\.git\\COMMIT_EDITMSG'), (<Change.added: 1>, 'C:\\Users\\thibl\\Downloads\\bitcoin_scalper-main\\.git\\objects\\d0\\tmp_obj_I3QV1c'), (<Change.added: 1>, 'C:\\Users\\thibl\\Downloads\\bitcoin_scalper-main\\.git\\objects\\maintenance.lock'), (<Change.added: 1>, 'C:\\Users\\thibl\\Downloads\\bitcoin_scalper-main\\.git\\AUTO_MERGE.lock'), (<Change.modified: 2>, 'C:\\Users\\thibl\\Downloads\\bitcoin_scalper-main\\.git\\objects\\20\\4853cb6b8bc6215bc42452540c9a257013e587'), (<Change.added: 1>, 'C:\\Users\\thibl\\Downloads\\bitcoin_scalper-main\\.git\\objects\\c4\\tmp_obj_91Uonv'), (<Change.modified: 2>, 'C:\\Users\\thibl\\Downloads\\bitcoin_scalper-main\\.git\\refs\\heads')}
2025-05-17 14:28:07,784 - watchfiles.main - DEBUG - 1 change detected: {(<Change.modified: 2>, 'C:\\Users\\thibl\\Downloads\\bitcoin_scalper-main\\logs\\trading_bot.log')}
2025-05-17 14:28:08,153 - watchfiles.main - DEBUG - 1 change detected: {(<Change.modified: 2>, 'C:\\Users\\thibl\\Downloads\\bitcoin_scalper-main\\logs\\trading_bot.log')}
2025-05-17 14:28:08,523 - watchfiles.main - DEBUG - 1 change detected: {(<Change.modified: 2>, 'C:\\Users\\thibl\\Downloads\\bitcoin_scalper-main\\logs\\trading_bot.log')}
2025-05-17 14:28:08,892 - watchfiles.main - DEBUG - 1 change detected: {(<Change.modified: 2>, 'C:\\Users\\thibl\\Downloads\\bitcoin_scalper-main\\logs\\trading_bot.log')}
2025-05-17 14:28:09,259 - watchfiles.main - DEBUG - 1 change detected: {(<Change.modified: 2>, 'C:\\Users\\thibl\\Downloads\\bitcoin_scalper-main\\logs\\trading_bot.log')}
2025-05-17 14:28:09,667 - watchfiles.main - DEBUG - 1 change detected: {(<Change.modified: 2>, 'C:\\Users\\thibl\\Downloads\\bitcoin_scalper-main\\logs\\trading_bot.log')}
2025-05-17 14:28:10,079 - watchfiles.main - DEBUG - 1 change detected: {(<Change.modified: 2>, 'C:\\Users\\thibl\\Downloads\\bitcoin_scalper-main\\logs\\trading_bot.log')}
2025-05-17 14:28:10,490 - watchfiles.main - DEBUG - 1 change detected: {(<Change.modified: 2>, 'C:\\Users\\thibl\\Downloads\\bitcoin_scalper-main\\logs\\trading_bot.log')}
2025-05-17 14:28:10,898 - watchfiles.main - DEBUG - 1 change detected: {(<Change.modified: 2>, 'C:\\Users\\thibl\\Downloads\\bitcoin_scalper-main\\logs\\trading_bot.log')}
2025-05-17 14:28:11,277 - watchfiles.main - DEBUG - 6 changes detected: {(<Change.added: 1>, 'C:\\Users\\thibl\\Downloads\\bitcoin_scalper-main\\.git\\refs\\remotes\\origin\\main.lock'), (<Change.modified: 2>, 'C:\\Users\\thibl\\Downloads\\bitcoin_scalper-main\\.git\\refs\\remotes\\origin'), (<Change.deleted: 3>, 'C:\\Users\\thibl\\Downloads\\bitcoin_scalper-main\\.git\\refs\\remotes\\origin\\main'), (<Change.modified: 2>, 'C:\\Users\\thibl\\Downloads\\bitcoin_scalper-main\\.git\\logs\\refs\\remotes\\origin\\main'), (<Change.deleted: 3>, 'C:\\Users\\thibl\\Downloads\\bitcoin_scalper-main\\.git\\refs\\remotes\\origin\\main.lock'), (<Change.added: 1>, 'C:\\Users\\thibl\\Downloads\\bitcoin_scalper-main\\.git\\refs\\remotes\\origin\\main')}
2025-05-17 14:28:11,668 - watchfiles.main - DEBUG - 1 change detected: {(<Change.modified: 2>, 'C:\\Users\\thibl\\Downloads\\bitcoin_scalper-main\\logs\\trading_bot.log')}
2025-05-17 14:28:12,040 - watchfiles.main - DEBUG - 1 change detected: {(<Change.modified: 2>, 'C:\\Users\\thibl\\Downloads\\bitcoin_scalper-main\\logs\\trading_bot.log')}
2025-05-17 14:28:12,394 - watchfiles.main - DEBUG - 1 change detected: {(<Change.modified: 2>, 'C:\\Users\\thibl\\Downloads\\bitcoin_scalper-main\\logs\\trading_bot.log')}
2025-05-17 14:28:12,751 - watchfiles.main - DEBUG - 1 change detected: {(<Change.modified: 2>, 'C:\\Users\\thibl\\Downloads\\bitcoin_scalper-main\\logs\\trading_bot.log')}
2025-05-17 14:28:13,117 - watchfiles.main - DEBUG - 1 change detected: {(<Change.modified: 2>, 'C:\\Users\\thibl\\Downloads\\bitcoin_scalper-main\\logs\\trading_bot.log')}
2025-05-17 14:28:13,570 - watchfiles.main - DEBUG - 1 change detected: {(<Change.modified: 2>, 'C:\\Users\\thibl\\Downloads\\bitcoin_scalper-main\\logs\\trading_bot.log')}
2025-05-17 14:28:13,978 - watchfiles.main - DEBUG - 1 change detected: {(<Change.modified: 2>, 'C:\\Users\\thibl\\Downloads\\bitcoin_scalper-main\\logs\\trading_bot.log')}
2025-05-17 14:28:14,390 - watchfiles.main - DEBUG - 1 change detected: {(<Change.modified: 2>, 'C:\\Users\\thibl\\Downloads\\bitcoin_scalper-main\\logs\\trading_bot.log')}
2025-05-17 14:28:14,754 - watchfiles.main - DEBUG - 1 change detected: {(<Change.modified: 2>, 'C:\\Users\\thibl\\Downloads\\bitcoin_scalper-main\\logs\\trading_bot.log')}
2025-05-17 14:28:15,174 - watchfiles.main - DEBUG - 1 change detected: {(<Change.modified: 2>, 'C:\\Users\\thibl\\Downloads\\bitcoin_scalper-main\\logs\\trading_bot.log')}
2025-05-17 14:28:15,589 - watchfiles.main - DEBUG - 1 change detected: {(<Change.modified: 2>, 'C:\\Users\\thibl\\Downloads\\bitcoin_scalper-main\\logs\\trading_bot.log')}
2025-05-17 14:28:16,068 - watchfiles.main - DEBUG - 1 change detected: {(<Change.modified: 2>, 'C:\\Users\\thibl\\Downloads\\bitcoin_scalper-main\\logs\\trading_bot.log')}
2025-05-17 14:28:16,447 - watchfiles.main - DEBUG - 1 change detected: {(<Change.modified: 2>, 'C:\\Users\\thibl\\Downloads\\bitcoin_scalper-main\\logs\\trading_bot.log')}
2025-05-17 14:28:16,852 - watchfiles.main - DEBUG - 1 change detected: {(<Change.modified: 2>, 'C:\\Users\\thibl\\Downloads\\bitcoin_scalper-main\\logs\\trading_bot.log')}
2025-05-17 14:28:17,263 - watchfiles.main - DEBUG - 1 change detected: {(<Change.modified: 2>, 'C:\\Users\\thibl\\Downloads\\bitcoin_scalper-main\\logs\\trading_bot.log')}
2025-05-17 14:28:17,639 - watchfiles.main - DEBUG - 1 change detected: {(<Change.modified: 2>, 'C:\\Users\\thibl\\Downloads\\bitcoin_scalper-main\\logs\\trading_bot.log')}
2025-05-17 14:28:18,058 - watchfiles.main - DEBUG - 1 change detected: {(<Change.modified: 2>, 'C:\\Users\\thibl\\Downloads\\bitcoin_scalper-main\\logs\\trading_bot.log')}
2025-05-17 14:28:18,467 - watchfiles.main - DEBUG - 1 change detected: {(<Change.modified: 2>, 'C:\\Users\\thibl\\Downloads\\bitcoin_scalper-main\\logs\\trading_bot.log')}
2025-05-17 14:28:18,884 - watchfiles.main - DEBUG - 1 change detected: {(<Change.modified: 2>, 'C:\\Users\\thibl\\Downloads\\bitcoin_scalper-main\\logs\\trading_bot.log')}
2025-05-17 14:28:19,297 - watchfiles.main - DEBUG - 1 change detected: {(<Change.modified: 2>, 'C:\\Users\\thibl\\Downloads\\bitcoin_scalper-main\\logs\\trading_bot.log')}
2025-05-17 14:28:19,707 - watchfiles.main - DEBUG - 1 change detected: {(<Change.modified: 2>, 'C:\\Users\\thibl\\Downloads\\bitcoin_scalper-main\\logs\\trading_bot.log')}
2025-05-17 14:28:20,119 - watchfiles.main - DEBUG - 1 change detected: {(<Change.modified: 2>, 'C:\\Users\\thibl\\Downloads\\bitcoin_scalper-main\\logs\\trading_bot.log')}
2025-05-17 14:28:20,577 - watchfiles.main - DEBUG - 1 change detected: {(<Change.modified: 2>, 'C:\\Users\\thibl\\Downloads\\bitcoin_scalper-main\\logs\\trading_bot.log')}
2025-05-17 14:28:29,667 - asyncio - DEBUG - Using selector: SelectSelector
2025-05-17 14:28:30,509 - nicegui - ERROR - __init__() got an unexpected keyword argument 'label'
  + Exception Group Traceback (most recent call last):
  |   File "C:\Users\thibl\AppData\Local\Programs\Python\Python39\lib\site-packages\starlette\_utils.py", line 76, in collapse_excgroups
  |     yield
  |   File "C:\Users\thibl\AppData\Local\Programs\Python\Python39\lib\site-packages\starlette\middleware\base.py", line 181, in __call__
  |     recv_stream.close()
  |   File "C:\Users\thibl\AppData\Local\Programs\Python\Python39\lib\site-packages\anyio\_backends\_asyncio.py", line 772, in __aexit__
  |     raise BaseExceptionGroup(
  | exceptiongroup.ExceptionGroup: unhandled errors in a TaskGroup (1 sub-exception)
  +-+---------------- 1 ----------------
    | Traceback (most recent call last):
    |   File "C:\Users\thibl\AppData\Local\Programs\Python\Python39\lib\site-packages\starlette\middleware\errors.py", line 165, in __call__
    |     await self.app(scope, receive, _send)
    |   File "C:\Users\thibl\AppData\Local\Programs\Python\Python39\lib\site-packages\starlette\middleware\base.py", line 181, in __call__
    |     recv_stream.close()
    |   File "C:\Users\thibl\AppData\Local\Programs\Python\Python39\lib\contextlib.py", line 135, in __exit__
    |     self.gen.throw(type, value, traceback)
    |   File "C:\Users\thibl\AppData\Local\Programs\Python\Python39\lib\site-packages\starlette\_utils.py", line 82, in collapse_excgroups
    |     raise exc
    |   File "C:\Users\thibl\AppData\Local\Programs\Python\Python39\lib\site-packages\starlette\middleware\base.py", line 178, in __call__
    |     response = await self.dispatch_func(request, call_next)
    |   File "C:\Users\thibl\AppData\Local\Programs\Python\Python39\lib\site-packages\nicegui\middlewares.py", line 10, in dispatch
    |     response = await call_next(request)
    |   File "C:\Users\thibl\AppData\Local\Programs\Python\Python39\lib\site-packages\starlette\middleware\base.py", line 156, in call_next
    |     raise app_exc
    |   File "C:\Users\thibl\AppData\Local\Programs\Python\Python39\lib\site-packages\starlette\middleware\base.py", line 141, in coro
    |     await self.app(scope, receive_or_disconnect, send_no_error)
    |   File "C:\Users\thibl\AppData\Local\Programs\Python\Python39\lib\site-packages\starlette\middleware\gzip.py", line 29, in __call__
    |     await responder(scope, receive, send)
    |   File "C:\Users\thibl\AppData\Local\Programs\Python\Python39\lib\site-packages\starlette\middleware\gzip.py", line 126, in __call__
    |     await super().__call__(scope, receive, send)
    |   File "C:\Users\thibl\AppData\Local\Programs\Python\Python39\lib\site-packages\starlette\middleware\gzip.py", line 46, in __call__
    |     await self.app(scope, receive, self.send_with_compression)
    |   File "C:\Users\thibl\AppData\Local\Programs\Python\Python39\lib\site-packages\starlette\middleware\exceptions.py", line 62, in __call__
    |     await wrap_app_handling_exceptions(self.app, conn)(scope, receive, send)
    |   File "C:\Users\thibl\AppData\Local\Programs\Python\Python39\lib\site-packages\starlette\_exception_handler.py", line 53, in wrapped_app
    |     raise exc
    |   File "C:\Users\thibl\AppData\Local\Programs\Python\Python39\lib\site-packages\starlette\_exception_handler.py", line 42, in wrapped_app
    |     await app(scope, receive, sender)
    |   File "C:\Users\thibl\AppData\Local\Programs\Python\Python39\lib\site-packages\starlette\routing.py", line 714, in __call__
    |     await self.middleware_stack(scope, receive, send)
    |   File "C:\Users\thibl\AppData\Local\Programs\Python\Python39\lib\site-packages\starlette\routing.py", line 734, in app
    |     await route.handle(scope, receive, send)
    |   File "C:\Users\thibl\AppData\Local\Programs\Python\Python39\lib\site-packages\starlette\routing.py", line 288, in handle
    |     await self.app(scope, receive, send)
    |   File "C:\Users\thibl\AppData\Local\Programs\Python\Python39\lib\site-packages\starlette\routing.py", line 76, in app
    |     await wrap_app_handling_exceptions(app, request)(scope, receive, send)
    |   File "C:\Users\thibl\AppData\Local\Programs\Python\Python39\lib\site-packages\starlette\_exception_handler.py", line 53, in wrapped_app
    |     raise exc
    |   File "C:\Users\thibl\AppData\Local\Programs\Python\Python39\lib\site-packages\starlette\_exception_handler.py", line 42, in wrapped_app
    |     await app(scope, receive, sender)
    |   File "C:\Users\thibl\AppData\Local\Programs\Python\Python39\lib\site-packages\starlette\routing.py", line 73, in app
    |     response = await f(request)
    |   File "C:\Users\thibl\AppData\Local\Programs\Python\Python39\lib\site-packages\fastapi\routing.py", line 301, in app
    |     raw_response = await run_endpoint_function(
    |   File "C:\Users\thibl\AppData\Local\Programs\Python\Python39\lib\site-packages\fastapi\routing.py", line 212, in run_endpoint_function
    |     return await dependant.call(**values)
    |   File "C:\Users\thibl\AppData\Local\Programs\Python\Python39\lib\site-packages\nicegui\page.py", line 120, in decorated
    |     result = func(*dec_args, **dec_kwargs)
    |   File "C:\Users\thibl\Downloads\bitcoin_scalper-main\app\main.py", line 91, in main
    |     price_chart = PriceChart()
    |   File "C:\Users\thibl\Downloads\bitcoin_scalper-main\app\ui\components.py", line 53, in __init__
    |     self.zoom_slider = ui.slider(min=10, max=200, value=100, step=10, label='Zoom')
    | TypeError: __init__() got an unexpected keyword argument 'label'
    +------------------------------------

During handling of the above exception, another exception occurred:

Traceback (most recent call last):
  File "C:\Users\thibl\AppData\Local\Programs\Python\Python39\lib\site-packages\starlette\middleware\errors.py", line 165, in __call__
    await self.app(scope, receive, _send)
  File "C:\Users\thibl\AppData\Local\Programs\Python\Python39\lib\site-packages\starlette\middleware\base.py", line 181, in __call__
    recv_stream.close()
  File "C:\Users\thibl\AppData\Local\Programs\Python\Python39\lib\contextlib.py", line 135, in __exit__
    self.gen.throw(type, value, traceback)
  File "C:\Users\thibl\AppData\Local\Programs\Python\Python39\lib\site-packages\starlette\_utils.py", line 82, in collapse_excgroups
    raise exc
  File "C:\Users\thibl\AppData\Local\Programs\Python\Python39\lib\site-packages\starlette\middleware\base.py", line 178, in __call__
    response = await self.dispatch_func(request, call_next)
  File "C:\Users\thibl\AppData\Local\Programs\Python\Python39\lib\site-packages\nicegui\middlewares.py", line 10, in dispatch
    response = await call_next(request)
  File "C:\Users\thibl\AppData\Local\Programs\Python\Python39\lib\site-packages\starlette\middleware\base.py", line 156, in call_next
    raise app_exc
  File "C:\Users\thibl\AppData\Local\Programs\Python\Python39\lib\site-packages\starlette\middleware\base.py", line 141, in coro
    await self.app(scope, receive_or_disconnect, send_no_error)
  File "C:\Users\thibl\AppData\Local\Programs\Python\Python39\lib\site-packages\starlette\middleware\gzip.py", line 29, in __call__
    await responder(scope, receive, send)
  File "C:\Users\thibl\AppData\Local\Programs\Python\Python39\lib\site-packages\starlette\middleware\gzip.py", line 126, in __call__
    await super().__call__(scope, receive, send)
  File "C:\Users\thibl\AppData\Local\Programs\Python\Python39\lib\site-packages\starlette\middleware\gzip.py", line 46, in __call__
    await self.app(scope, receive, self.send_with_compression)
  File "C:\Users\thibl\AppData\Local\Programs\Python\Python39\lib\site-packages\starlette\middleware\exceptions.py", line 62, in __call__
    await wrap_app_handling_exceptions(self.app, conn)(scope, receive, send)
  File "C:\Users\thibl\AppData\Local\Programs\Python\Python39\lib\site-packages\starlette\_exception_handler.py", line 53, in wrapped_app
    raise exc
  File "C:\Users\thibl\AppData\Local\Programs\Python\Python39\lib\site-packages\starlette\_exception_handler.py", line 42, in wrapped_app
    await app(scope, receive, sender)
  File "C:\Users\thibl\AppData\Local\Programs\Python\Python39\lib\site-packages\starlette\routing.py", line 714, in __call__
    await self.middleware_stack(scope, receive, send)
  File "C:\Users\thibl\AppData\Local\Programs\Python\Python39\lib\site-packages\starlette\routing.py", line 734, in app
    await route.handle(scope, receive, send)
  File "C:\Users\thibl\AppData\Local\Programs\Python\Python39\lib\site-packages\starlette\routing.py", line 288, in handle
    await self.app(scope, receive, send)
  File "C:\Users\thibl\AppData\Local\Programs\Python\Python39\lib\site-packages\starlette\routing.py", line 76, in app
    await wrap_app_handling_exceptions(app, request)(scope, receive, send)
  File "C:\Users\thibl\AppData\Local\Programs\Python\Python39\lib\site-packages\starlette\_exception_handler.py", line 53, in wrapped_app
    raise exc
  File "C:\Users\thibl\AppData\Local\Programs\Python\Python39\lib\site-packages\starlette\_exception_handler.py", line 42, in wrapped_app
    await app(scope, receive, sender)
  File "C:\Users\thibl\AppData\Local\Programs\Python\Python39\lib\site-packages\starlette\routing.py", line 73, in app
    response = await f(request)
  File "C:\Users\thibl\AppData\Local\Programs\Python\Python39\lib\site-packages\fastapi\routing.py", line 301, in app
    raw_response = await run_endpoint_function(
  File "C:\Users\thibl\AppData\Local\Programs\Python\Python39\lib\site-packages\fastapi\routing.py", line 212, in run_endpoint_function
    return await dependant.call(**values)
  File "C:\Users\thibl\AppData\Local\Programs\Python\Python39\lib\site-packages\nicegui\page.py", line 120, in decorated
    result = func(*dec_args, **dec_kwargs)
  File "C:\Users\thibl\Downloads\bitcoin_scalper-main\app\main.py", line 91, in main
    price_chart = PriceChart()
  File "C:\Users\thibl\Downloads\bitcoin_scalper-main\app\ui\components.py", line 53, in __init__
    self.zoom_slider = ui.slider(min=10, max=200, value=100, step=10, label='Zoom')
TypeError: __init__() got an unexpected keyword argument 'label'
2025-05-17 14:28:33,290 - nicegui - ERROR - __init__() got an unexpected keyword argument 'label'
  + Exception Group Traceback (most recent call last):
  |   File "C:\Users\thibl\AppData\Local\Programs\Python\Python39\lib\site-packages\starlette\_utils.py", line 76, in collapse_excgroups
  |     yield
  |   File "C:\Users\thibl\AppData\Local\Programs\Python\Python39\lib\site-packages\starlette\middleware\base.py", line 181, in __call__
  |     recv_stream.close()
  |   File "C:\Users\thibl\AppData\Local\Programs\Python\Python39\lib\site-packages\anyio\_backends\_asyncio.py", line 772, in __aexit__
  |     raise BaseExceptionGroup(
  | exceptiongroup.ExceptionGroup: unhandled errors in a TaskGroup (1 sub-exception)
  +-+---------------- 1 ----------------
    | Traceback (most recent call last):
    |   File "C:\Users\thibl\AppData\Local\Programs\Python\Python39\lib\site-packages\starlette\middleware\errors.py", line 165, in __call__
    |     await self.app(scope, receive, _send)
    |   File "C:\Users\thibl\AppData\Local\Programs\Python\Python39\lib\site-packages\starlette\middleware\base.py", line 181, in __call__
    |     recv_stream.close()
    |   File "C:\Users\thibl\AppData\Local\Programs\Python\Python39\lib\contextlib.py", line 135, in __exit__
    |     self.gen.throw(type, value, traceback)
    |   File "C:\Users\thibl\AppData\Local\Programs\Python\Python39\lib\site-packages\starlette\_utils.py", line 82, in collapse_excgroups
    |     raise exc
    |   File "C:\Users\thibl\AppData\Local\Programs\Python\Python39\lib\site-packages\starlette\middleware\base.py", line 178, in __call__
    |     response = await self.dispatch_func(request, call_next)
    |   File "C:\Users\thibl\AppData\Local\Programs\Python\Python39\lib\site-packages\nicegui\middlewares.py", line 10, in dispatch
    |     response = await call_next(request)
    |   File "C:\Users\thibl\AppData\Local\Programs\Python\Python39\lib\site-packages\starlette\middleware\base.py", line 156, in call_next
    |     raise app_exc
    |   File "C:\Users\thibl\AppData\Local\Programs\Python\Python39\lib\site-packages\starlette\middleware\base.py", line 141, in coro
    |     await self.app(scope, receive_or_disconnect, send_no_error)
    |   File "C:\Users\thibl\AppData\Local\Programs\Python\Python39\lib\site-packages\starlette\middleware\gzip.py", line 29, in __call__
    |     await responder(scope, receive, send)
    |   File "C:\Users\thibl\AppData\Local\Programs\Python\Python39\lib\site-packages\starlette\middleware\gzip.py", line 126, in __call__
    |     await super().__call__(scope, receive, send)
    |   File "C:\Users\thibl\AppData\Local\Programs\Python\Python39\lib\site-packages\starlette\middleware\gzip.py", line 46, in __call__
    |     await self.app(scope, receive, self.send_with_compression)
    |   File "C:\Users\thibl\AppData\Local\Programs\Python\Python39\lib\site-packages\starlette\middleware\exceptions.py", line 62, in __call__
    |     await wrap_app_handling_exceptions(self.app, conn)(scope, receive, send)
    |   File "C:\Users\thibl\AppData\Local\Programs\Python\Python39\lib\site-packages\starlette\_exception_handler.py", line 53, in wrapped_app
    |     raise exc
    |   File "C:\Users\thibl\AppData\Local\Programs\Python\Python39\lib\site-packages\starlette\_exception_handler.py", line 42, in wrapped_app
    |     await app(scope, receive, sender)
    |   File "C:\Users\thibl\AppData\Local\Programs\Python\Python39\lib\site-packages\starlette\routing.py", line 714, in __call__
    |     await self.middleware_stack(scope, receive, send)
    |   File "C:\Users\thibl\AppData\Local\Programs\Python\Python39\lib\site-packages\starlette\routing.py", line 734, in app
    |     await route.handle(scope, receive, send)
    |   File "C:\Users\thibl\AppData\Local\Programs\Python\Python39\lib\site-packages\starlette\routing.py", line 288, in handle
    |     await self.app(scope, receive, send)
    |   File "C:\Users\thibl\AppData\Local\Programs\Python\Python39\lib\site-packages\starlette\routing.py", line 76, in app
    |     await wrap_app_handling_exceptions(app, request)(scope, receive, send)
    |   File "C:\Users\thibl\AppData\Local\Programs\Python\Python39\lib\site-packages\starlette\_exception_handler.py", line 53, in wrapped_app
    |     raise exc
    |   File "C:\Users\thibl\AppData\Local\Programs\Python\Python39\lib\site-packages\starlette\_exception_handler.py", line 42, in wrapped_app
    |     await app(scope, receive, sender)
    |   File "C:\Users\thibl\AppData\Local\Programs\Python\Python39\lib\site-packages\starlette\routing.py", line 73, in app
    |     response = await f(request)
    |   File "C:\Users\thibl\AppData\Local\Programs\Python\Python39\lib\site-packages\fastapi\routing.py", line 301, in app
    |     raw_response = await run_endpoint_function(
    |   File "C:\Users\thibl\AppData\Local\Programs\Python\Python39\lib\site-packages\fastapi\routing.py", line 212, in run_endpoint_function
    |     return await dependant.call(**values)
    |   File "C:\Users\thibl\AppData\Local\Programs\Python\Python39\lib\site-packages\nicegui\page.py", line 120, in decorated
    |     result = func(*dec_args, **dec_kwargs)
    |   File "C:\Users\thibl\Downloads\bitcoin_scalper-main\app\main.py", line 91, in main
    |     price_chart = PriceChart()
    |   File "C:\Users\thibl\Downloads\bitcoin_scalper-main\app\ui\components.py", line 53, in __init__
    |     self.zoom_slider = ui.slider(min=10, max=200, value=100, step=10, label='Zoom')
    | TypeError: __init__() got an unexpected keyword argument 'label'
    +------------------------------------

During handling of the above exception, another exception occurred:

Traceback (most recent call last):
  File "C:\Users\thibl\AppData\Local\Programs\Python\Python39\lib\site-packages\starlette\middleware\errors.py", line 165, in __call__
    await self.app(scope, receive, _send)
  File "C:\Users\thibl\AppData\Local\Programs\Python\Python39\lib\site-packages\starlette\middleware\base.py", line 181, in __call__
    recv_stream.close()
  File "C:\Users\thibl\AppData\Local\Programs\Python\Python39\lib\contextlib.py", line 135, in __exit__
    self.gen.throw(type, value, traceback)
  File "C:\Users\thibl\AppData\Local\Programs\Python\Python39\lib\site-packages\starlette\_utils.py", line 82, in collapse_excgroups
    raise exc
  File "C:\Users\thibl\AppData\Local\Programs\Python\Python39\lib\site-packages\starlette\middleware\base.py", line 178, in __call__
    response = await self.dispatch_func(request, call_next)
  File "C:\Users\thibl\AppData\Local\Programs\Python\Python39\lib\site-packages\nicegui\middlewares.py", line 10, in dispatch
    response = await call_next(request)
  File "C:\Users\thibl\AppData\Local\Programs\Python\Python39\lib\site-packages\starlette\middleware\base.py", line 156, in call_next
    raise app_exc
  File "C:\Users\thibl\AppData\Local\Programs\Python\Python39\lib\site-packages\starlette\middleware\base.py", line 141, in coro
    await self.app(scope, receive_or_disconnect, send_no_error)
  File "C:\Users\thibl\AppData\Local\Programs\Python\Python39\lib\site-packages\starlette\middleware\gzip.py", line 29, in __call__
    await responder(scope, receive, send)
  File "C:\Users\thibl\AppData\Local\Programs\Python\Python39\lib\site-packages\starlette\middleware\gzip.py", line 126, in __call__
    await super().__call__(scope, receive, send)
  File "C:\Users\thibl\AppData\Local\Programs\Python\Python39\lib\site-packages\starlette\middleware\gzip.py", line 46, in __call__
    await self.app(scope, receive, self.send_with_compression)
  File "C:\Users\thibl\AppData\Local\Programs\Python\Python39\lib\site-packages\starlette\middleware\exceptions.py", line 62, in __call__
    await wrap_app_handling_exceptions(self.app, conn)(scope, receive, send)
  File "C:\Users\thibl\AppData\Local\Programs\Python\Python39\lib\site-packages\starlette\_exception_handler.py", line 53, in wrapped_app
    raise exc
  File "C:\Users\thibl\AppData\Local\Programs\Python\Python39\lib\site-packages\starlette\_exception_handler.py", line 42, in wrapped_app
    await app(scope, receive, sender)
  File "C:\Users\thibl\AppData\Local\Programs\Python\Python39\lib\site-packages\starlette\routing.py", line 714, in __call__
    await self.middleware_stack(scope, receive, send)
  File "C:\Users\thibl\AppData\Local\Programs\Python\Python39\lib\site-packages\starlette\routing.py", line 734, in app
    await route.handle(scope, receive, send)
  File "C:\Users\thibl\AppData\Local\Programs\Python\Python39\lib\site-packages\starlette\routing.py", line 288, in handle
    await self.app(scope, receive, send)
  File "C:\Users\thibl\AppData\Local\Programs\Python\Python39\lib\site-packages\starlette\routing.py", line 76, in app
    await wrap_app_handling_exceptions(app, request)(scope, receive, send)
  File "C:\Users\thibl\AppData\Local\Programs\Python\Python39\lib\site-packages\starlette\_exception_handler.py", line 53, in wrapped_app
    raise exc
  File "C:\Users\thibl\AppData\Local\Programs\Python\Python39\lib\site-packages\starlette\_exception_handler.py", line 42, in wrapped_app
    await app(scope, receive, sender)
  File "C:\Users\thibl\AppData\Local\Programs\Python\Python39\lib\site-packages\starlette\routing.py", line 73, in app
    response = await f(request)
  File "C:\Users\thibl\AppData\Local\Programs\Python\Python39\lib\site-packages\fastapi\routing.py", line 301, in app
    raw_response = await run_endpoint_function(
  File "C:\Users\thibl\AppData\Local\Programs\Python\Python39\lib\site-packages\fastapi\routing.py", line 212, in run_endpoint_function
    return await dependant.call(**values)
  File "C:\Users\thibl\AppData\Local\Programs\Python\Python39\lib\site-packages\nicegui\page.py", line 120, in decorated
    result = func(*dec_args, **dec_kwargs)
  File "C:\Users\thibl\Downloads\bitcoin_scalper-main\app\main.py", line 91, in main
    price_chart = PriceChart()
  File "C:\Users\thibl\Downloads\bitcoin_scalper-main\app\ui\components.py", line 53, in __init__
    self.zoom_slider = ui.slider(min=10, max=200, value=100, step=10, label='Zoom')
TypeError: __init__() got an unexpected keyword argument 'label'
2025-05-17 14:35:46,650 - asyncio - DEBUG - Using selector: SelectSelector
2025-05-17 14:35:47,715 - nicegui - ERROR - module 'nicegui.ui' has no attribute 'sparkline'
  + Exception Group Traceback (most recent call last):
  |   File "C:\Users\thibl\AppData\Local\Programs\Python\Python39\lib\site-packages\starlette\_utils.py", line 76, in collapse_excgroups
  |     yield
  |   File "C:\Users\thibl\AppData\Local\Programs\Python\Python39\lib\site-packages\starlette\middleware\base.py", line 181, in __call__
  |     recv_stream.close()
  |   File "C:\Users\thibl\AppData\Local\Programs\Python\Python39\lib\site-packages\anyio\_backends\_asyncio.py", line 772, in __aexit__
  |     raise BaseExceptionGroup(
  | exceptiongroup.ExceptionGroup: unhandled errors in a TaskGroup (1 sub-exception)
  +-+---------------- 1 ----------------
    | Traceback (most recent call last):
    |   File "C:\Users\thibl\AppData\Local\Programs\Python\Python39\lib\site-packages\starlette\middleware\errors.py", line 165, in __call__
    |     await self.app(scope, receive, _send)
    |   File "C:\Users\thibl\AppData\Local\Programs\Python\Python39\lib\site-packages\starlette\middleware\base.py", line 181, in __call__
    |     recv_stream.close()
    |   File "C:\Users\thibl\AppData\Local\Programs\Python\Python39\lib\contextlib.py", line 135, in __exit__
    |     self.gen.throw(type, value, traceback)
    |   File "C:\Users\thibl\AppData\Local\Programs\Python\Python39\lib\site-packages\starlette\_utils.py", line 82, in collapse_excgroups
    |     raise exc
    |   File "C:\Users\thibl\AppData\Local\Programs\Python\Python39\lib\site-packages\starlette\middleware\base.py", line 178, in __call__
    |     response = await self.dispatch_func(request, call_next)
    |   File "C:\Users\thibl\AppData\Local\Programs\Python\Python39\lib\site-packages\nicegui\middlewares.py", line 10, in dispatch
    |     response = await call_next(request)
    |   File "C:\Users\thibl\AppData\Local\Programs\Python\Python39\lib\site-packages\starlette\middleware\base.py", line 156, in call_next
    |     raise app_exc
    |   File "C:\Users\thibl\AppData\Local\Programs\Python\Python39\lib\site-packages\starlette\middleware\base.py", line 141, in coro
    |     await self.app(scope, receive_or_disconnect, send_no_error)
    |   File "C:\Users\thibl\AppData\Local\Programs\Python\Python39\lib\site-packages\starlette\middleware\gzip.py", line 29, in __call__
    |     await responder(scope, receive, send)
    |   File "C:\Users\thibl\AppData\Local\Programs\Python\Python39\lib\site-packages\starlette\middleware\gzip.py", line 126, in __call__
    |     await super().__call__(scope, receive, send)
    |   File "C:\Users\thibl\AppData\Local\Programs\Python\Python39\lib\site-packages\starlette\middleware\gzip.py", line 46, in __call__
    |     await self.app(scope, receive, self.send_with_compression)
    |   File "C:\Users\thibl\AppData\Local\Programs\Python\Python39\lib\site-packages\starlette\middleware\exceptions.py", line 62, in __call__
    |     await wrap_app_handling_exceptions(self.app, conn)(scope, receive, send)
    |   File "C:\Users\thibl\AppData\Local\Programs\Python\Python39\lib\site-packages\starlette\_exception_handler.py", line 53, in wrapped_app
    |     raise exc
    |   File "C:\Users\thibl\AppData\Local\Programs\Python\Python39\lib\site-packages\starlette\_exception_handler.py", line 42, in wrapped_app
    |     await app(scope, receive, sender)
    |   File "C:\Users\thibl\AppData\Local\Programs\Python\Python39\lib\site-packages\starlette\routing.py", line 714, in __call__
    |     await self.middleware_stack(scope, receive, send)
    |   File "C:\Users\thibl\AppData\Local\Programs\Python\Python39\lib\site-packages\starlette\routing.py", line 734, in app
    |     await route.handle(scope, receive, send)
    |   File "C:\Users\thibl\AppData\Local\Programs\Python\Python39\lib\site-packages\starlette\routing.py", line 288, in handle
    |     await self.app(scope, receive, send)
    |   File "C:\Users\thibl\AppData\Local\Programs\Python\Python39\lib\site-packages\starlette\routing.py", line 76, in app
    |     await wrap_app_handling_exceptions(app, request)(scope, receive, send)
    |   File "C:\Users\thibl\AppData\Local\Programs\Python\Python39\lib\site-packages\starlette\_exception_handler.py", line 53, in wrapped_app
    |     raise exc
    |   File "C:\Users\thibl\AppData\Local\Programs\Python\Python39\lib\site-packages\starlette\_exception_handler.py", line 42, in wrapped_app
    |     await app(scope, receive, sender)
    |   File "C:\Users\thibl\AppData\Local\Programs\Python\Python39\lib\site-packages\starlette\routing.py", line 73, in app
    |     response = await f(request)
    |   File "C:\Users\thibl\AppData\Local\Programs\Python\Python39\lib\site-packages\fastapi\routing.py", line 301, in app
    |     raw_response = await run_endpoint_function(
    |   File "C:\Users\thibl\AppData\Local\Programs\Python\Python39\lib\site-packages\fastapi\routing.py", line 212, in run_endpoint_function
    |     return await dependant.call(**values)
    |   File "C:\Users\thibl\AppData\Local\Programs\Python\Python39\lib\site-packages\nicegui\page.py", line 120, in decorated
    |     result = func(*dec_args, **dec_kwargs)
    |   File "C:\Users\thibl\Downloads\bitcoin_scalper-main\app\main.py", line 92, in main
    |     stats_panel = StatsPanel()
    |   File "C:\Users\thibl\Downloads\bitcoin_scalper-main\app\ui\components.py", line 129, in __init__
    |     self.pnl_spark = ui.sparkline([0], color=SUCCESS_COLOR)
    | AttributeError: module 'nicegui.ui' has no attribute 'sparkline'
    +------------------------------------

During handling of the above exception, another exception occurred:

Traceback (most recent call last):
  File "C:\Users\thibl\AppData\Local\Programs\Python\Python39\lib\site-packages\starlette\middleware\errors.py", line 165, in __call__
    await self.app(scope, receive, _send)
  File "C:\Users\thibl\AppData\Local\Programs\Python\Python39\lib\site-packages\starlette\middleware\base.py", line 181, in __call__
    recv_stream.close()
  File "C:\Users\thibl\AppData\Local\Programs\Python\Python39\lib\contextlib.py", line 135, in __exit__
    self.gen.throw(type, value, traceback)
  File "C:\Users\thibl\AppData\Local\Programs\Python\Python39\lib\site-packages\starlette\_utils.py", line 82, in collapse_excgroups
    raise exc
  File "C:\Users\thibl\AppData\Local\Programs\Python\Python39\lib\site-packages\starlette\middleware\base.py", line 178, in __call__
    response = await self.dispatch_func(request, call_next)
  File "C:\Users\thibl\AppData\Local\Programs\Python\Python39\lib\site-packages\nicegui\middlewares.py", line 10, in dispatch
    response = await call_next(request)
  File "C:\Users\thibl\AppData\Local\Programs\Python\Python39\lib\site-packages\starlette\middleware\base.py", line 156, in call_next
    raise app_exc
  File "C:\Users\thibl\AppData\Local\Programs\Python\Python39\lib\site-packages\starlette\middleware\base.py", line 141, in coro
    await self.app(scope, receive_or_disconnect, send_no_error)
  File "C:\Users\thibl\AppData\Local\Programs\Python\Python39\lib\site-packages\starlette\middleware\gzip.py", line 29, in __call__
    await responder(scope, receive, send)
  File "C:\Users\thibl\AppData\Local\Programs\Python\Python39\lib\site-packages\starlette\middleware\gzip.py", line 126, in __call__
    await super().__call__(scope, receive, send)
  File "C:\Users\thibl\AppData\Local\Programs\Python\Python39\lib\site-packages\starlette\middleware\gzip.py", line 46, in __call__
    await self.app(scope, receive, self.send_with_compression)
  File "C:\Users\thibl\AppData\Local\Programs\Python\Python39\lib\site-packages\starlette\middleware\exceptions.py", line 62, in __call__
    await wrap_app_handling_exceptions(self.app, conn)(scope, receive, send)
  File "C:\Users\thibl\AppData\Local\Programs\Python\Python39\lib\site-packages\starlette\_exception_handler.py", line 53, in wrapped_app
    raise exc
  File "C:\Users\thibl\AppData\Local\Programs\Python\Python39\lib\site-packages\starlette\_exception_handler.py", line 42, in wrapped_app
    await app(scope, receive, sender)
  File "C:\Users\thibl\AppData\Local\Programs\Python\Python39\lib\site-packages\starlette\routing.py", line 714, in __call__
    await self.middleware_stack(scope, receive, send)
  File "C:\Users\thibl\AppData\Local\Programs\Python\Python39\lib\site-packages\starlette\routing.py", line 734, in app
    await route.handle(scope, receive, send)
  File "C:\Users\thibl\AppData\Local\Programs\Python\Python39\lib\site-packages\starlette\routing.py", line 288, in handle
    await self.app(scope, receive, send)
  File "C:\Users\thibl\AppData\Local\Programs\Python\Python39\lib\site-packages\starlette\routing.py", line 76, in app
    await wrap_app_handling_exceptions(app, request)(scope, receive, send)
  File "C:\Users\thibl\AppData\Local\Programs\Python\Python39\lib\site-packages\starlette\_exception_handler.py", line 53, in wrapped_app
    raise exc
  File "C:\Users\thibl\AppData\Local\Programs\Python\Python39\lib\site-packages\starlette\_exception_handler.py", line 42, in wrapped_app
    await app(scope, receive, sender)
  File "C:\Users\thibl\AppData\Local\Programs\Python\Python39\lib\site-packages\starlette\routing.py", line 73, in app
    response = await f(request)
  File "C:\Users\thibl\AppData\Local\Programs\Python\Python39\lib\site-packages\fastapi\routing.py", line 301, in app
    raw_response = await run_endpoint_function(
  File "C:\Users\thibl\AppData\Local\Programs\Python\Python39\lib\site-packages\fastapi\routing.py", line 212, in run_endpoint_function
    return await dependant.call(**values)
  File "C:\Users\thibl\AppData\Local\Programs\Python\Python39\lib\site-packages\nicegui\page.py", line 120, in decorated
    result = func(*dec_args, **dec_kwargs)
  File "C:\Users\thibl\Downloads\bitcoin_scalper-main\app\main.py", line 92, in main
    stats_panel = StatsPanel()
  File "C:\Users\thibl\Downloads\bitcoin_scalper-main\app\ui\components.py", line 129, in __init__
    self.pnl_spark = ui.sparkline([0], color=SUCCESS_COLOR)
AttributeError: module 'nicegui.ui' has no attribute 'sparkline'
